2021-02-20 14:05:19.0406 ERROR Google.Protobuf.InvalidProtocolBufferException: Protocol message contained a tag with an invalid wire type.
   at Google.Protobuf.UnknownFieldSet.MergeFieldFrom(ParseContext& ctx)
   at Google.Protobuf.UnknownFieldSet.MergeFieldFrom(UnknownFieldSet unknownFields, ParseContext& ctx)
   at Google.Protobuf.UnknownFieldSet.MergeFieldFrom(UnknownFieldSet unknownFields, CodedInputStream input)
   at Giant.Msg.Msg_GC_Login.MergeFrom(CodedInputStream input) in D:\wg\Giant\Server\Giant.Msg\OuterMessage.cs:line 3168
   at Google.Protobuf.MessageExtensions.MergeFrom(IMessage message, Stream input, Boolean discardUnknownFields, ExtensionRegistry registry)
   at Google.Protobuf.MessageExtensions.MergeFrom(IMessage message, Stream input)
   at Giant.Net.ProtoHelper.FromStream(MemoryStream stream, Type type) in D:\wg\Giant\Server\Giant.Net\Helper\ProtoHelper.cs:line 32
   at Giant.Net.ProtoPacker.DeserializeFrom(MemoryStream stream, Type type) in D:\wg\Giant\Server\Giant.Net\Packer\ProtoPacker.cs:line 31
   at Giant.Net.Session.OnRead(MemoryStream memoryStream) in D:\wg\Giant\Server\Giant.Net\Session.cs:line 193
   at Giant.Net.BaseChannel.OnRead(MemoryStream memoryStream) in D:\wg\Giant\Server\Giant.Net\Base\BaseChannel.cs:line 88
   at Giant.Net.TcpChannel.ReceiveComplete(Object eventArgs) in D:\wg\Giant\Server\Giant.Net\Network\Tcp\TcpChannel.cs:line 310 Giant.Net.Session.OnError(Session.cs:226)
2021-02-20 14:06:58.3907 ERROR Google.Protobuf.InvalidProtocolBufferException: Protocol message contained an invalid tag (zero).
   at Google.Protobuf.ParsingPrimitives.ParseTag(ReadOnlySpan`1& buffer, ParserInternalState& state)
   at Google.Protobuf.CodedInputStream.ReadTag()
   at Giant.Msg.Msg_GC_Login.MergeFrom(CodedInputStream input) in D:\wg\Giant\Server\Giant.Msg\OuterMessage.cs:line 3165
   at Google.Protobuf.MessageExtensions.MergeFrom(IMessage message, Stream input, Boolean discardUnknownFields, ExtensionRegistry registry)
   at Google.Protobuf.MessageExtensions.MergeFrom(IMessage message, Stream input)
   at Giant.Net.ProtoHelper.FromStream(MemoryStream stream, Type type) in D:\wg\Giant\Server\Giant.Net\Helper\ProtoHelper.cs:line 32
   at Giant.Net.ProtoPacker.DeserializeFrom(MemoryStream stream, Type type) in D:\wg\Giant\Server\Giant.Net\Packer\ProtoPacker.cs:line 31
   at Giant.Net.Session.OnRead(MemoryStream memoryStream) in D:\wg\Giant\Server\Giant.Net\Session.cs:line 193
   at Giant.Net.BaseChannel.OnRead(MemoryStream memoryStream) in D:\wg\Giant\Server\Giant.Net\Base\BaseChannel.cs:line 88
   at Giant.Net.TcpChannel.ReceiveComplete(Object eventArgs) in D:\wg\Giant\Server\Giant.Net\Network\Tcp\TcpChannel.cs:line 310 Giant.Net.Session.OnError(Session.cs:226)
2021-02-20 14:08:45.9639 ERROR Google.Protobuf.InvalidProtocolBufferException: While parsing a protocol message, the input ended unexpectedly in the middle of a field.  This could mean either that the input has been truncated or that an embedded message misreported its own length.
   at Google.Protobuf.SegmentedBufferHelper.RefillFromCodedInputStream(ReadOnlySpan`1& buffer, ParserInternalState& state, Boolean mustSucceed)
   at Google.Protobuf.ParsingPrimitives.ReadRawBytesSlow(ReadOnlySpan`1& buffer, ParserInternalState& state, Int32 size)
   at Google.Protobuf.ParsingPrimitives.ReadRawBytes(ReadOnlySpan`1& buffer, ParserInternalState& state, Int32 size)
   at Google.Protobuf.UnknownFieldSet.MergeFieldFrom(ParseContext& ctx)
   at Google.Protobuf.UnknownFieldSet.MergeFieldFrom(UnknownFieldSet unknownFields, ParseContext& ctx)
   at Google.Protobuf.UnknownFieldSet.MergeFieldFrom(UnknownFieldSet unknownFields, CodedInputStream input)
   at Giant.Msg.Msg_GC_Login.MergeFrom(CodedInputStream input) in D:\wg\Giant\Server\Giant.Msg\OuterMessage.cs:line 3168
   at Google.Protobuf.MessageExtensions.MergeFrom(IMessage message, Stream input, Boolean discardUnknownFields, ExtensionRegistry registry)
   at Google.Protobuf.MessageExtensions.MergeFrom(IMessage message, Stream input)
   at Giant.Net.ProtoHelper.FromStream(MemoryStream stream, Type type) in D:\wg\Giant\Server\Giant.Net\Helper\ProtoHelper.cs:line 32
   at Giant.Net.ProtoPacker.DeserializeFrom(MemoryStream stream, Type type) in D:\wg\Giant\Server\Giant.Net\Packer\ProtoPacker.cs:line 31
   at Giant.Net.Session.OnRead(MemoryStream memoryStream) in D:\wg\Giant\Server\Giant.Net\Session.cs:line 193
   at Giant.Net.BaseChannel.OnRead(MemoryStream memoryStream) in D:\wg\Giant\Server\Giant.Net\Base\BaseChannel.cs:line 88
   at Giant.Net.TcpChannel.ReceiveComplete(Object eventArgs) in D:\wg\Giant\Server\Giant.Net\Network\Tcp\TcpChannel.cs:line 310 Giant.Net.Session.OnError(Session.cs:226)
2021-02-20 14:09:41.6883 ERROR Google.Protobuf.InvalidProtocolBufferException: Merge an unknown field of end-group tag, indicating that the corresponding start-group was missing.
   at Google.Protobuf.UnknownFieldSet.MergeFieldFrom(UnknownFieldSet unknownFields, ParseContext& ctx)
   at Google.Protobuf.UnknownFieldSet.MergeFieldFrom(UnknownFieldSet unknownFields, CodedInputStream input)
   at Giant.Msg.Msg_GC_Login.MergeFrom(CodedInputStream input) in D:\wg\Giant\Server\Giant.Msg\OuterMessage.cs:line 3168
   at Google.Protobuf.MessageExtensions.MergeFrom(IMessage message, Stream input, Boolean discardUnknownFields, ExtensionRegistry registry)
   at Google.Protobuf.MessageExtensions.MergeFrom(IMessage message, Stream input)
   at Giant.Net.ProtoHelper.FromStream(MemoryStream stream, Type type) in D:\wg\Giant\Server\Giant.Net\Helper\ProtoHelper.cs:line 32
   at Giant.Net.ProtoPacker.DeserializeFrom(MemoryStream stream, Type type) in D:\wg\Giant\Server\Giant.Net\Packer\ProtoPacker.cs:line 31
   at Giant.Net.Session.OnRead(MemoryStream memoryStream) in D:\wg\Giant\Server\Giant.Net\Session.cs:line 193
   at Giant.Net.BaseChannel.OnRead(MemoryStream memoryStream) in D:\wg\Giant\Server\Giant.Net\Base\BaseChannel.cs:line 88
   at Giant.Net.TcpChannel.ReceiveComplete(Object eventArgs) in D:\wg\Giant\Server\Giant.Net\Network\Tcp\TcpChannel.cs:line 310 Giant.Net.Session.OnError(Session.cs:226)
2021-02-20 14:17:21.1142 ERROR Google.Protobuf.InvalidProtocolBufferException: CodedInputStream encountered an embedded string or message which claimed to have negative size.
   at Google.Protobuf.ParsingPrimitives.ReadRawBytes(ReadOnlySpan`1& buffer, ParserInternalState& state, Int32 size)
   at Google.Protobuf.UnknownFieldSet.MergeFieldFrom(ParseContext& ctx)
   at Google.Protobuf.UnknownFieldSet.MergeFieldFrom(UnknownFieldSet unknownFields, ParseContext& ctx)
   at Google.Protobuf.UnknownFieldSet.MergeFieldFrom(UnknownFieldSet unknownFields, CodedInputStream input)
   at Giant.Msg.Msg_GC_Login.MergeFrom(CodedInputStream input) in D:\wg\Giant\Server\Giant.Msg\OuterMessage.cs:line 3168
   at Google.Protobuf.MessageExtensions.MergeFrom(IMessage message, Stream input, Boolean discardUnknownFields, ExtensionRegistry registry)
   at Google.Protobuf.MessageExtensions.MergeFrom(IMessage message, Stream input)
   at Giant.Net.ProtoHelper.FromStream(MemoryStream stream, Type type) in D:\wg\Giant\Server\Giant.Net\Helper\ProtoHelper.cs:line 32
   at Giant.Net.ProtoPacker.DeserializeFrom(MemoryStream stream, Type type) in D:\wg\Giant\Server\Giant.Net\Packer\ProtoPacker.cs:line 31
   at Giant.Net.Session.OnRead(MemoryStream memoryStream) in D:\wg\Giant\Server\Giant.Net\Session.cs:line 193
   at Giant.Net.BaseChannel.OnRead(MemoryStream memoryStream) in D:\wg\Giant\Server\Giant.Net\Base\BaseChannel.cs:line 88
   at Giant.Net.TcpChannel.ReceiveComplete(Object eventArgs) in D:\wg\Giant\Server\Giant.Net\Network\Tcp\TcpChannel.cs:line 310 Giant.Net.Session.OnError(Session.cs:226)
2021-02-20 14:25:15.3044 ERROR Google.Protobuf.InvalidProtocolBufferException: Protocol message contained a tag with an invalid wire type.
   at Google.Protobuf.UnknownFieldSet.MergeFieldFrom(ParseContext& ctx)
   at Google.Protobuf.UnknownFieldSet.MergeGroupFrom(ParseContext& ctx)
   at Google.Protobuf.ParsingPrimitivesMessages.ReadGroup(ParseContext& ctx, Int32 fieldNumber, UnknownFieldSet set)
   at Google.Protobuf.UnknownFieldSet.MergeFieldFrom(ParseContext& ctx)
   at Google.Protobuf.UnknownFieldSet.MergeFieldFrom(UnknownFieldSet unknownFields, ParseContext& ctx)
   at Google.Protobuf.UnknownFieldSet.MergeFieldFrom(UnknownFieldSet unknownFields, CodedInputStream input)
   at Giant.Msg.Msg_GC_Login.MergeFrom(CodedInputStream input) in D:\wg\Giant\Server\Giant.Msg\OuterMessage.cs:line 3168
   at Google.Protobuf.MessageExtensions.MergeFrom(IMessage message, Stream input, Boolean discardUnknownFields, ExtensionRegistry registry)
   at Google.Protobuf.MessageExtensions.MergeFrom(IMessage message, Stream input)
   at Giant.Net.ProtoHelper.FromStream(MemoryStream stream, Type type) in D:\wg\Giant\Server\Giant.Net\Helper\ProtoHelper.cs:line 32
   at Giant.Net.ProtoPacker.DeserializeFrom(MemoryStream stream, Type type) in D:\wg\Giant\Server\Giant.Net\Packer\ProtoPacker.cs:line 31
   at Giant.Net.Session.OnRead(MemoryStream memoryStream) in D:\wg\Giant\Server\Giant.Net\Session.cs:line 193
   at Giant.Net.BaseChannel.OnRead(MemoryStream memoryStream) in D:\wg\Giant\Server\Giant.Net\Base\BaseChannel.cs:line 88
   at Giant.Net.TcpChannel.ReceiveComplete(Object eventArgs) in D:\wg\Giant\Server\Giant.Net\Network\Tcp\TcpChannel.cs:line 310 Giant.Net.Session.OnError(Session.cs:226)
2021-02-20 14:31:36.2995 ERROR SocketError ConnectionReset Giant.Net.Session.OnError(Session.cs:223)
2021-02-20 16:17:19.3109 ERROR ErrorCode 102008 Giant.Net.Session.OnError(Session.cs:220)
2021-02-20 16:20:22.8489 ERROR ErrorCode 102008 Giant.Net.Session.OnError(Session.cs:220)
2021-02-20 16:21:32.2490 ERROR ErrorCode 102008 Giant.Net.Session.OnError(Session.cs:220)
2021-02-20 16:23:33.8230 ERROR ErrorCode 102008 Giant.Net.Session.OnError(Session.cs:220)
2021-02-20 16:26:50.5437 ERROR ErrorCode 102008 Giant.Net.Session.OnError(Session.cs:220)
2021-02-20 16:30:27.3732 ERROR Google.Protobuf.InvalidProtocolBufferException: Protocol message contained a tag with an invalid wire type.
   at Google.Protobuf.UnknownFieldSet.MergeFieldFrom(ParseContext& ctx)
   at Google.Protobuf.UnknownFieldSet.MergeFieldFrom(UnknownFieldSet unknownFields, ParseContext& ctx)
   at Google.Protobuf.UnknownFieldSet.MergeFieldFrom(UnknownFieldSet unknownFields, CodedInputStream input)
   at Giant.Msg.Msg_GC_Get_SecretKey.MergeFrom(CodedInputStream input) in D:\wg\Giant\Server\Giant.Msg\OuterMessage.cs:line 2347
   at Google.Protobuf.MessageExtensions.MergeFrom(IMessage message, Stream input, Boolean discardUnknownFields, ExtensionRegistry registry)
   at Google.Protobuf.MessageExtensions.MergeFrom(IMessage message, Stream input)
   at Giant.Net.ProtoHelper.FromStream(MemoryStream stream, Type type) in D:\wg\Giant\Server\Giant.Net\Helper\ProtoHelper.cs:line 32
   at Giant.Net.ProtoPacker.DeserializeFrom(MemoryStream stream, Type type) in D:\wg\Giant\Server\Giant.Net\Packer\ProtoPacker.cs:line 31
   at Giant.Net.Session.OnRead(MemoryStream memoryStream) in D:\wg\Giant\Server\Giant.Net\Session.cs:line 193
   at Giant.Net.BaseChannel.OnRead(MemoryStream memoryStream) in D:\wg\Giant\Server\Giant.Net\Base\BaseChannel.cs:line 88
   at Giant.Net.TcpChannel.ReceiveComplete(Object eventArgs) in D:\wg\Giant\Server\Giant.Net\Network\Tcp\TcpChannel.cs:line 310 Giant.Net.Session.OnError(Session.cs:226)
2021-02-20 16:30:51.5130 ERROR Google.Protobuf.InvalidProtocolBufferException: Protocol message contained a tag with an invalid wire type.
   at Google.Protobuf.UnknownFieldSet.MergeFieldFrom(ParseContext& ctx)
   at Google.Protobuf.UnknownFieldSet.MergeGroupFrom(ParseContext& ctx)
   at Google.Protobuf.ParsingPrimitivesMessages.ReadGroup(ParseContext& ctx, Int32 fieldNumber, UnknownFieldSet set)
   at Google.Protobuf.UnknownFieldSet.MergeFieldFrom(ParseContext& ctx)
   at Google.Protobuf.UnknownFieldSet.MergeFieldFrom(UnknownFieldSet unknownFields, ParseContext& ctx)
   at Google.Protobuf.UnknownFieldSet.MergeFieldFrom(UnknownFieldSet unknownFields, CodedInputStream input)
   at Giant.Msg.Msg_GC_Get_SecretKey.MergeFrom(CodedInputStream input) in D:\wg\Giant\Server\Giant.Msg\OuterMessage.cs:line 2347
   at Google.Protobuf.MessageExtensions.MergeFrom(IMessage message, Stream input, Boolean discardUnknownFields, ExtensionRegistry registry)
   at Google.Protobuf.MessageExtensions.MergeFrom(IMessage message, Stream input)
   at Giant.Net.ProtoHelper.FromStream(MemoryStream stream, Type type) in D:\wg\Giant\Server\Giant.Net\Helper\ProtoHelper.cs:line 32
   at Giant.Net.ProtoPacker.DeserializeFrom(MemoryStream stream, Type type) in D:\wg\Giant\Server\Giant.Net\Packer\ProtoPacker.cs:line 31
   at Giant.Net.Session.OnRead(MemoryStream memoryStream) in D:\wg\Giant\Server\Giant.Net\Session.cs:line 193
   at Giant.Net.BaseChannel.OnRead(MemoryStream memoryStream) in D:\wg\Giant\Server\Giant.Net\Base\BaseChannel.cs:line 88
   at Giant.Net.TcpChannel.ReceiveComplete(Object eventArgs) in D:\wg\Giant\Server\Giant.Net\Network\Tcp\TcpChannel.cs:line 310 Giant.Net.Session.OnError(Session.cs:226)
2021-02-20 17:42:03.1151 ERROR ErrorCode 102008 Giant.Net.Session.OnError(Session.cs:220)
2021-02-20 17:44:50.4481 ERROR ErrorCode 102008 Giant.Net.Session.OnError(Session.cs:220)
