2021-02-20 10:45:05.6517 ERROR System.NullReferenceException: Object reference not set to an instance of an object.
   at Giant.Net.HttpComponent.Load() in D:\wg\Giant\Server\Giant.Net\Http\HttpComponent.cs:line 64
   at Giant.Net.HttpComponent.Init(Int32 port) in D:\wg\Giant\Server\Giant.Net\Http\HttpComponent.cs:line 28 Giant.Net.HttpComponent.Init(HttpComponent.cs:28)
2021-02-20 10:45:57.0106 ERROR SocketError ConnectionReset Giant.Net.Session.OnError(Session.cs:223)
2021-02-20 10:54:21.2228 ERROR System.NullReferenceException: Object reference not set to an instance of an object.
   at Giant.Net.HttpComponent.Load() in D:\wg\Giant\Server\Giant.Net\Http\HttpComponent.cs:line 64
   at Giant.Net.HttpComponent.Init(Int32 port) in D:\wg\Giant\Server\Giant.Net\Http\HttpComponent.cs:line 28 Giant.Net.HttpComponent.Init(HttpComponent.cs:28)
2021-02-20 10:56:28.1724 ERROR SocketError ConnectionReset Giant.Net.Session.OnError(Session.cs:223)
2021-02-20 11:25:22.3931 ERROR ErrorCode 102008 Giant.Net.Session.OnError(Session.cs:220)
2021-02-20 11:31:49.7487 ERROR ErrorCode 102008 Giant.Net.Session.OnError(Session.cs:220)
2021-02-20 13:37:46.2832 ERROR ErrorCode 102008 Giant.Net.Session.OnError(Session.cs:220)
2021-02-20 13:39:08.6453 ERROR SocketError ConnectionReset Giant.Net.Session.OnError(Session.cs:223)
2021-02-20 13:39:08.6517 ERROR SocketError ConnectionReset Giant.Net.Session.OnError(Session.cs:223)
2021-02-20 14:05:11.2003 ERROR ErrorCode 102008 Giant.Net.Session.OnError(Session.cs:220)
2021-02-20 14:06:57.9999 ERROR ErrorCode 102008 Giant.Net.Session.OnError(Session.cs:220)
2021-02-20 14:08:29.3880 ERROR ErrorCode 102008 Giant.Net.Session.OnError(Session.cs:220)
2021-02-20 14:09:41.3326 ERROR ErrorCode 102008 Giant.Net.Session.OnError(Session.cs:220)
2021-02-20 14:11:34.3220 ERROR SocketError ConnectionReset Giant.Net.Session.OnError(Session.cs:223)
2021-02-20 14:12:06.4041 ERROR SocketError ConnectionReset Giant.Net.Session.OnError(Session.cs:223)
2021-02-20 14:15:45.9650 ERROR ErrorCode 102008 Giant.Net.Session.OnError(Session.cs:220)
2021-02-20 14:22:12.3089 ERROR ErrorCode 102008 Giant.Net.Session.OnError(Session.cs:220)
2021-02-20 14:24:05.8831 ERROR ErrorCode 102008 Giant.Net.Session.OnError(Session.cs:220)
2021-02-20 14:27:05.2451 ERROR SocketError ConnectionReset Giant.Net.Session.OnError(Session.cs:223)
2021-02-20 14:28:49.7920 ERROR SocketError ConnectionRefused Giant.Net.Session.OnError(Session.cs:223)
2021-02-20 14:28:54.9397 ERROR SocketError ConnectionRefused Giant.Net.Session.OnError(Session.cs:223)
2021-02-20 14:29:00.0292 ERROR SocketError ConnectionRefused Giant.Net.Session.OnError(Session.cs:223)
2021-02-20 14:29:05.2227 ERROR SocketError ConnectionRefused Giant.Net.Session.OnError(Session.cs:223)
2021-02-20 14:29:10.5271 ERROR SocketError ConnectionRefused Giant.Net.Session.OnError(Session.cs:223)
2021-02-20 14:29:15.6176 ERROR SocketError ConnectionRefused Giant.Net.Session.OnError(Session.cs:223)
2021-02-20 14:29:20.6908 ERROR SocketError ConnectionRefused Giant.Net.Session.OnError(Session.cs:223)
2021-02-20 14:29:25.7881 ERROR SocketError ConnectionRefused Giant.Net.Session.OnError(Session.cs:223)
2021-02-20 14:29:30.8522 ERROR SocketError ConnectionRefused Giant.Net.Session.OnError(Session.cs:223)
2021-02-20 14:29:38.0798 ERROR User wuu0 request server 1001, have not exist ! Server.Account.Handle_Login_Zone+<Run>d__0.MoveNext(Handle_CA_Login.cs:75)
2021-02-20 14:29:44.8253 ERROR SocketError ConnectionRefused Giant.Net.Session.OnError(Session.cs:223)
2021-02-20 14:29:49.9172 ERROR SocketError ConnectionRefused Giant.Net.Session.OnError(Session.cs:223)
2021-02-20 14:29:54.9934 ERROR SocketError ConnectionRefused Giant.Net.Session.OnError(Session.cs:223)
2021-02-20 14:30:00.0830 ERROR SocketError ConnectionRefused Giant.Net.Session.OnError(Session.cs:223)
2021-02-20 14:30:05.1543 ERROR SocketError ConnectionRefused Giant.Net.Session.OnError(Session.cs:223)
2021-02-20 14:30:10.2693 ERROR SocketError ConnectionRefused Giant.Net.Session.OnError(Session.cs:223)
2021-02-20 14:30:15.3421 ERROR SocketError ConnectionRefused Giant.Net.Session.OnError(Session.cs:223)
2021-02-20 14:30:20.4267 ERROR SocketError ConnectionRefused Giant.Net.Session.OnError(Session.cs:223)
2021-02-20 14:30:25.5044 ERROR SocketError ConnectionRefused Giant.Net.Session.OnError(Session.cs:223)
2021-02-20 14:30:30.5627 ERROR SocketError ConnectionRefused Giant.Net.Session.OnError(Session.cs:223)
2021-02-20 14:30:35.6512 ERROR SocketError ConnectionRefused Giant.Net.Session.OnError(Session.cs:223)
2021-02-20 14:30:40.7451 ERROR SocketError ConnectionRefused Giant.Net.Session.OnError(Session.cs:223)
2021-02-20 14:30:45.8353 ERROR SocketError ConnectionRefused Giant.Net.Session.OnError(Session.cs:223)
2021-02-20 14:30:50.9092 ERROR SocketError ConnectionRefused Giant.Net.Session.OnError(Session.cs:223)
2021-02-20 14:30:55.9960 ERROR SocketError ConnectionRefused Giant.Net.Session.OnError(Session.cs:223)
2021-02-20 14:31:01.0805 ERROR SocketError ConnectionRefused Giant.Net.Session.OnError(Session.cs:223)
2021-02-20 14:31:06.1606 ERROR SocketError ConnectionRefused Giant.Net.Session.OnError(Session.cs:223)
2021-02-20 14:31:11.2312 ERROR SocketError ConnectionRefused Giant.Net.Session.OnError(Session.cs:223)
2021-02-20 14:31:16.3095 ERROR SocketError ConnectionRefused Giant.Net.Session.OnError(Session.cs:223)
2021-02-20 14:31:21.3823 ERROR SocketError ConnectionRefused Giant.Net.Session.OnError(Session.cs:223)
2021-02-20 14:32:13.7552 ERROR ErrorCode 102008 Giant.Net.Session.OnError(Session.cs:220)
2021-02-20 14:40:28.0961 ERROR ErrorCode 102008 Giant.Net.Session.OnError(Session.cs:220)
2021-02-20 15:06:15.7201 ERROR SocketError ConnectionReset Giant.Net.Session.OnError(Session.cs:223)
2021-02-20 15:07:54.2301 ERROR ErrorCode 102008 Giant.Net.Session.OnError(Session.cs:220)
2021-02-20 15:10:48.0965 ERROR SocketError ConnectionReset Giant.Net.Session.OnError(Session.cs:223)
2021-02-20 15:13:00.6820 ERROR ErrorCode 102008 Giant.Net.Session.OnError(Session.cs:220)
2021-02-20 15:15:59.2361 ERROR ErrorCode 102008 Giant.Net.Session.OnError(Session.cs:220)
2021-02-20 15:39:25.4413 ERROR SocketError ConnectionReset Giant.Net.Session.OnError(Session.cs:223)
2021-02-20 15:40:39.2433 ERROR ErrorCode 102008 Giant.Net.Session.OnError(Session.cs:220)
2021-02-20 15:42:44.8420 ERROR ErrorCode 102008 Giant.Net.Session.OnError(Session.cs:220)
2021-02-20 15:43:59.7360 ERROR ErrorCode 102008 Giant.Net.Session.OnError(Session.cs:220)
2021-02-20 16:04:36.0046 ERROR SocketError ConnectionReset Giant.Net.Session.OnError(Session.cs:223)
2021-02-20 16:04:55.0129 ERROR SocketError ConnectionRefused Giant.Net.Session.OnError(Session.cs:223)
2021-02-20 16:06:16.5598 ERROR ErrorCode 102008 Giant.Net.Session.OnError(Session.cs:220)
2021-02-20 16:08:50.0296 ERROR ErrorCode 102008 Giant.Net.Session.OnError(Session.cs:220)
2021-02-20 16:11:51.7606 ERROR SocketError ConnectionReset Giant.Net.Session.OnError(Session.cs:223)
2021-02-20 16:12:37.4795 ERROR ErrorCode 102008 Giant.Net.Session.OnError(Session.cs:220)
2021-02-20 16:15:51.5607 ERROR SocketError ConnectionReset Giant.Net.Session.OnError(Session.cs:223)
2021-02-20 16:16:58.1628 ERROR ErrorCode 102008 Giant.Net.Session.OnError(Session.cs:220)
2021-02-20 16:17:46.5157 ERROR ErrorCode 102008 Giant.Net.Session.OnError(Session.cs:220)
2021-02-20 16:21:19.7654 ERROR ErrorCode 102008 Giant.Net.Session.OnError(Session.cs:220)
2021-02-20 16:21:42.0807 ERROR ErrorCode 102008 Giant.Net.Session.OnError(Session.cs:220)
2021-02-20 16:30:07.8533 ERROR ErrorCode 102008 Giant.Net.Session.OnError(Session.cs:220)
2021-02-20 16:30:47.4362 ERROR ErrorCode 102008 Giant.Net.Session.OnError(Session.cs:220)
2021-02-20 17:38:05.3930 ERROR ErrorCode 102008 Giant.Net.Session.OnError(Session.cs:220)
2021-02-20 17:43:14.9239 ERROR ErrorCode 102008 Giant.Net.Session.OnError(Session.cs:220)
2021-02-20 17:54:49.8935 ERROR SocketError ConnectionReset Giant.Net.Session.OnError(Session.cs:223)
2021-02-20 17:55:39.7896 ERROR ErrorCode 102008 Giant.Net.Session.OnError(Session.cs:223)
2021-02-20 18:00:11.3617 ERROR SocketError ConnectionReset Giant.Net.Session.OnError(Session.cs:226)
