2021-02-20 13:35:00.9604 INFO heart beat ping from appType Account appId 1001 subId 1
2021-02-20 13:35:01.1130 INFO heart beat pong from appType Global appId 1001 subId 1
2021-02-20 13:35:04.4816 INFO heart beat ping from appType Relation appId 1001 subId 1
2021-02-20 13:35:04.4973 INFO heart beat pong from appType Global appId 1001 subId 1
2021-02-20 16:23:43.2196 INFO heart beat ping from appType Account appId 1001 subId 1
2021-02-20 16:23:43.2394 INFO heart beat pong from appType Global appId 1001 subId 1
2021-02-20 16:23:43.4255 INFO heart beat ping from appType Gate appId 1001 subId 1
2021-02-20 16:23:43.4255 INFO heart beat ping from appType Gate appId 1001 subId 1
2021-02-20 16:23:43.4249 INFO heart beat ping from appType Gate appId 1001 subId 1
2021-02-20 16:23:43.4279 INFO heart beat ping from appType Gate appId 1001 subId 1
2021-02-20 16:23:43.4431 INFO heart beat pong from appType Global appId 1001 subId 1
2021-02-20 16:23:43.4431 INFO heart beat pong from appType Manager appId 1001 subId 1
2021-02-20 16:23:43.4431 INFO heart beat pong from appType Account appId 1001 subId 1
2021-02-20 16:23:43.4431 INFO heart beat pong from appType Zone appId 1001 subId 1
2021-02-20 16:23:43.5480 INFO heart beat ping from appType Relation appId 1001 subId 1
2021-02-20 16:23:43.5642 INFO heart beat pong from appType Global appId 1001 subId 1
2021-02-20 16:23:43.5964 INFO heart beat ping from appType Zone appId 1001 subId 1
2021-02-20 16:23:43.5966 INFO heart beat ping from appType Zone appId 1001 subId 1
2021-02-20 16:23:43.6131 INFO heart beat pong from appType Global appId 1001 subId 1
2021-02-20 16:23:43.6131 INFO heart beat pong from appType Relation appId 1001 subId 1
2021-02-20 16:23:43.7070 INFO heart beat ping from appType Manager appId 1001 subId 1
2021-02-20 16:23:43.7231 INFO heart beat ping from appType Relation appId 1001 subId 1
2021-02-20 16:23:43.7231 INFO heart beat ping from appType Zone appId 1001 subId 1
2021-02-20 16:23:43.7231 INFO heart beat pong from appType Global appId 1001 subId 1
2021-02-20 16:23:43.7391 INFO heart beat pong from appType Manager appId 1001 subId 1
2021-02-20 16:23:43.7407 INFO heart beat pong from appType Manager appId 1001 subId 1
2021-02-20 16:23:53.2255 INFO heart beat ping from appType Account appId 1001 subId 1
2021-02-20 16:23:53.2440 INFO heart beat pong from appType Global appId 1001 subId 1
2021-02-20 16:23:53.4274 INFO heart beat ping from appType Gate appId 1001 subId 1
2021-02-20 16:23:53.4275 INFO heart beat ping from appType Gate appId 1001 subId 1
2021-02-20 16:23:53.4274 INFO heart beat ping from appType Gate appId 1001 subId 1
2021-02-20 16:23:53.4276 INFO heart beat ping from appType Gate appId 1001 subId 1
2021-02-20 16:23:53.4430 INFO heart beat pong from appType Manager appId 1001 subId 1
2021-02-20 16:23:53.4430 INFO heart beat pong from appType Global appId 1001 subId 1
2021-02-20 16:23:53.4430 INFO heart beat pong from appType Zone appId 1001 subId 1
2021-02-20 16:23:53.4430 INFO heart beat pong from appType Account appId 1001 subId 1
2021-02-20 16:23:53.5523 INFO heart beat ping from appType Relation appId 1001 subId 1
2021-02-20 16:23:53.5682 INFO heart beat pong from appType Global appId 1001 subId 1
2021-02-20 16:23:53.5982 INFO heart beat ping from appType Zone appId 1001 subId 1
2021-02-20 16:23:53.6005 INFO heart beat ping from appType Zone appId 1001 subId 1
2021-02-20 16:23:53.6143 INFO heart beat pong from appType Global appId 1001 subId 1
2021-02-20 16:23:53.6143 INFO heart beat pong from appType Relation appId 1001 subId 1
2021-02-20 16:23:53.7088 INFO heart beat ping from appType Manager appId 1001 subId 1
2021-02-20 16:23:53.7237 INFO heart beat ping from appType Relation appId 1001 subId 1
2021-02-20 16:23:53.7237 INFO heart beat pong from appType Global appId 1001 subId 1
2021-02-20 16:23:53.7237 INFO heart beat ping from appType Zone appId 1001 subId 1
2021-02-20 16:23:53.7389 INFO heart beat pong from appType Manager appId 1001 subId 1
2021-02-20 16:23:53.7390 INFO heart beat pong from appType Manager appId 1001 subId 1
2021-02-20 16:24:03.2414 INFO heart beat ping from appType Account appId 1001 subId 1
2021-02-20 16:24:03.2596 INFO heart beat pong from appType Global appId 1001 subId 1
2021-02-20 16:24:03.4432 INFO heart beat ping from appType Gate appId 1001 subId 1
2021-02-20 16:24:03.4433 INFO heart beat ping from appType Gate appId 1001 subId 1
2021-02-20 16:24:03.4431 INFO heart beat ping from appType Gate appId 1001 subId 1
2021-02-20 16:24:03.4432 INFO heart beat ping from appType Gate appId 1001 subId 1
2021-02-20 16:24:03.4589 INFO heart beat pong from appType Manager appId 1001 subId 1
2021-02-20 16:24:03.4589 INFO heart beat pong from appType Global appId 1001 subId 1
2021-02-20 16:24:03.4589 INFO heart beat pong from appType Account appId 1001 subId 1
2021-02-20 16:24:03.4589 INFO heart beat pong from appType Zone appId 1001 subId 1
2021-02-20 16:24:03.5522 INFO heart beat ping from appType Relation appId 1001 subId 1
2021-02-20 16:24:03.5683 INFO heart beat pong from appType Global appId 1001 subId 1
2021-02-20 16:24:03.6003 INFO heart beat ping from appType Zone appId 1001 subId 1
2021-02-20 16:24:03.6015 INFO heart beat ping from appType Zone appId 1001 subId 1
2021-02-20 16:24:03.6184 INFO heart beat pong from appType Global appId 1001 subId 1
2021-02-20 16:24:03.6184 INFO heart beat pong from appType Relation appId 1001 subId 1
2021-02-20 16:24:03.7253 INFO heart beat ping from appType Relation appId 1001 subId 1
2021-02-20 16:24:03.7254 INFO heart beat ping from appType Manager appId 1001 subId 1
2021-02-20 16:24:03.7253 INFO heart beat ping from appType Zone appId 1001 subId 1
2021-02-20 16:24:03.7253 INFO heart beat pong from appType Global appId 1001 subId 1
2021-02-20 16:24:03.7411 INFO heart beat pong from appType Manager appId 1001 subId 1
2021-02-20 16:24:03.7412 INFO heart beat pong from appType Manager appId 1001 subId 1
2021-02-20 16:24:13.2350 INFO heart beat ping from appType Account appId 1001 subId 1
2021-02-20 16:24:13.2504 INFO heart beat pong from appType Global appId 1001 subId 1
2021-02-20 16:24:13.4547 INFO heart beat ping from appType Gate appId 1001 subId 1
2021-02-20 16:24:13.4547 INFO heart beat ping from appType Gate appId 1001 subId 1
2021-02-20 16:24:13.4548 INFO heart beat ping from appType Gate appId 1001 subId 1
2021-02-20 16:24:13.4547 INFO heart beat ping from appType Gate appId 1001 subId 1
2021-02-20 16:24:13.4708 INFO heart beat pong from appType Account appId 1001 subId 1
2021-02-20 16:24:13.4708 INFO heart beat pong from appType Manager appId 1001 subId 1
2021-02-20 16:24:13.4708 INFO heart beat pong from appType Zone appId 1001 subId 1
2021-02-20 16:24:13.4708 INFO heart beat pong from appType Global appId 1001 subId 1
2021-02-20 16:24:13.5650 INFO heart beat ping from appType Relation appId 1001 subId 1
2021-02-20 16:24:13.5800 INFO heart beat pong from appType Global appId 1001 subId 1
2021-02-20 16:24:13.6108 INFO heart beat ping from appType Zone appId 1001 subId 1
2021-02-20 16:24:13.6108 INFO heart beat ping from appType Zone appId 1001 subId 1
2021-02-20 16:24:13.6261 INFO heart beat pong from appType Relation appId 1001 subId 1
2021-02-20 16:24:13.6289 INFO heart beat pong from appType Global appId 1001 subId 1
2021-02-20 16:24:13.7353 INFO heart beat ping from appType Relation appId 1001 subId 1
2021-02-20 16:24:13.7355 INFO heart beat ping from appType Manager appId 1001 subId 1
2021-02-20 16:24:13.7386 INFO heart beat ping from appType Zone appId 1001 subId 1
2021-02-20 16:24:13.7386 INFO heart beat pong from appType Global appId 1001 subId 1
2021-02-20 16:24:13.7506 INFO heart beat pong from appType Manager appId 1001 subId 1
2021-02-20 16:24:13.7507 INFO heart beat pong from appType Manager appId 1001 subId 1
2021-02-20 16:24:23.2574 INFO heart beat ping from appType Account appId 1001 subId 1
2021-02-20 16:24:23.2888 INFO heart beat pong from appType Global appId 1001 subId 1
2021-02-20 16:24:23.4588 INFO heart beat ping from appType Gate appId 1001 subId 1
2021-02-20 16:24:23.4588 INFO heart beat ping from appType Gate appId 1001 subId 1
2021-02-20 16:24:23.4600 INFO heart beat ping from appType Gate appId 1001 subId 1
2021-02-20 16:24:23.4586 INFO heart beat ping from appType Gate appId 1001 subId 1
2021-02-20 16:24:23.4771 INFO heart beat pong from appType Account appId 1001 subId 1
2021-02-20 16:24:23.4997 INFO heart beat pong from appType Zone appId 1001 subId 1
2021-02-20 16:24:23.5018 INFO heart beat pong from appType Manager appId 1001 subId 1
2021-02-20 16:24:23.5018 INFO heart beat pong from appType Global appId 1001 subId 1
2021-02-20 16:24:23.5683 INFO heart beat ping from appType Relation appId 1001 subId 1
2021-02-20 16:24:23.5842 INFO heart beat pong from appType Global appId 1001 subId 1
2021-02-20 16:24:23.6155 INFO heart beat ping from appType Zone appId 1001 subId 1
2021-02-20 16:24:23.6166 INFO heart beat ping from appType Zone appId 1001 subId 1
2021-02-20 16:24:23.6310 INFO heart beat pong from appType Global appId 1001 subId 1
2021-02-20 16:24:23.6310 INFO heart beat pong from appType Relation appId 1001 subId 1
2021-02-20 16:24:23.7405 INFO heart beat ping from appType Manager appId 1001 subId 1
2021-02-20 16:24:23.7405 INFO heart beat ping from appType Relation appId 1001 subId 1
2021-02-20 16:24:23.7405 INFO heart beat ping from appType Zone appId 1001 subId 1
2021-02-20 16:24:23.7405 INFO heart beat pong from appType Global appId 1001 subId 1
2021-02-20 16:24:23.7554 INFO heart beat pong from appType Manager appId 1001 subId 1
2021-02-20 16:24:23.7556 INFO heart beat pong from appType Manager appId 1001 subId 1
2021-02-20 16:24:33.2698 INFO heart beat ping from appType Account appId 1001 subId 1
2021-02-20 16:24:33.2882 INFO heart beat pong from appType Global appId 1001 subId 1
2021-02-20 16:24:33.4578 INFO heart beat ping from appType Gate appId 1001 subId 1
2021-02-20 16:24:33.4723 INFO heart beat pong from appType Account appId 1001 subId 1
2021-02-20 16:24:33.4740 INFO heart beat ping from appType Gate appId 1001 subId 1
2021-02-20 16:24:33.4739 INFO heart beat ping from appType Gate appId 1001 subId 1
2021-02-20 16:24:33.4723 INFO heart beat ping from appType Gate appId 1001 subId 1
2021-02-20 16:24:33.4723 INFO heart beat pong from appType Zone appId 1001 subId 1
2021-02-20 16:24:33.4723 INFO heart beat pong from appType Manager appId 1001 subId 1
2021-02-20 16:24:33.4723 INFO heart beat pong from appType Global appId 1001 subId 1
2021-02-20 16:24:33.5656 INFO heart beat ping from appType Relation appId 1001 subId 1
2021-02-20 16:24:33.5824 INFO heart beat pong from appType Global appId 1001 subId 1
2021-02-20 16:24:33.6138 INFO heart beat ping from appType Zone appId 1001 subId 1
2021-02-20 16:24:33.6144 INFO heart beat ping from appType Zone appId 1001 subId 1
2021-02-20 16:24:33.6283 INFO heart beat pong from appType Relation appId 1001 subId 1
2021-02-20 16:24:33.6283 INFO heart beat pong from appType Global appId 1001 subId 1
2021-02-20 16:24:33.7398 INFO heart beat ping from appType Manager appId 1001 subId 1
2021-02-20 16:24:33.7546 INFO heart beat ping from appType Relation appId 1001 subId 1
2021-02-20 16:24:33.7546 INFO heart beat pong from appType Global appId 1001 subId 1
2021-02-20 16:24:33.7546 INFO heart beat ping from appType Zone appId 1001 subId 1
2021-02-20 16:24:33.7706 INFO heart beat pong from appType Manager appId 1001 subId 1
2021-02-20 16:24:33.7715 INFO heart beat pong from appType Manager appId 1001 subId 1
2021-02-20 16:24:43.2760 INFO heart beat ping from appType Account appId 1001 subId 1
2021-02-20 16:24:43.2903 INFO heart beat pong from appType Global appId 1001 subId 1
2021-02-20 16:24:43.4466 INFO heart beat ping from appType Gate appId 1001 subId 1
2021-02-20 16:24:43.5761 INFO heart beat ping from appType Relation appId 1001 subId 1
2021-02-20 16:24:43.6213 INFO heart beat ping from appType Zone appId 1001 subId 1
2021-02-20 16:24:43.6718 INFO heart beat ping from appType Zone appId 1001 subId 1
2021-02-20 16:24:43.6734 INFO heart beat pong from appType Global appId 1001 subId 1
2021-02-20 16:24:43.6811 INFO heart beat pong from appType Relation appId 1001 subId 1
2021-02-20 16:24:43.7041 INFO heart beat pong from appType Global appId 1001 subId 1
2021-02-20 16:24:43.7627 INFO heart beat ping from appType Relation appId 1001 subId 1
2021-02-20 16:24:43.7925 INFO heart beat pong from appType Manager appId 1001 subId 1
2021-02-20 16:24:43.7882 INFO heart beat ping from appType Zone appId 1001 subId 1
2021-02-20 16:24:43.8853 INFO heart beat ping from appType Manager appId 1001 subId 1
2021-02-20 16:24:43.8871 INFO heart beat pong from appType Manager appId 1001 subId 1
2021-02-20 16:24:43.9286 INFO heart beat pong from appType Global appId 1001 subId 1
2021-02-20 16:24:52.6291 INFO heart beat ping from appType Gate appId 1001 subId 1
2021-02-20 16:24:52.6292 INFO heart beat ping from appType Gate appId 1001 subId 1
2021-02-20 16:24:52.6294 INFO heart beat ping from appType Gate appId 1001 subId 1
2021-02-20 16:24:52.6415 INFO heart beat pong from appType Zone appId 1001 subId 1
2021-02-20 16:24:52.6438 INFO heart beat pong from appType Manager appId 1001 subId 1
2021-02-20 16:24:52.6438 INFO heart beat pong from appType Global appId 1001 subId 1
2021-02-20 16:24:53.2833 INFO heart beat ping from appType Account appId 1001 subId 1
2021-02-20 16:24:53.2996 INFO heart beat pong from appType Global appId 1001 subId 1
2021-02-20 16:24:53.4695 INFO heart beat ping from appType Gate appId 1001 subId 1
2021-02-20 16:24:53.4852 INFO heart beat pong from appType Account appId 1001 subId 1
2021-02-20 16:24:53.5754 INFO heart beat ping from appType Relation appId 1001 subId 1
2021-02-20 16:24:53.5899 INFO heart beat pong from appType Global appId 1001 subId 1
2021-02-20 16:24:53.6363 INFO heart beat ping from appType Zone appId 1001 subId 1
2021-02-20 16:24:53.6365 INFO heart beat ping from appType Zone appId 1001 subId 1
2021-02-20 16:24:53.6523 INFO heart beat pong from appType Relation appId 1001 subId 1
2021-02-20 16:24:53.6523 INFO heart beat pong from appType Global appId 1001 subId 1
2021-02-20 16:24:53.7635 INFO heart beat ping from appType Relation appId 1001 subId 1
2021-02-20 16:24:53.7635 INFO heart beat ping from appType Zone appId 1001 subId 1
2021-02-20 16:24:53.7784 INFO heart beat pong from appType Manager appId 1001 subId 1
2021-02-20 16:24:53.7785 INFO heart beat pong from appType Manager appId 1001 subId 1
2021-02-20 16:24:53.8990 INFO heart beat ping from appType Manager appId 1001 subId 1
2021-02-20 16:24:53.9153 INFO heart beat pong from appType Global appId 1001 subId 1
2021-02-20 16:25:02.6397 INFO heart beat ping from appType Gate appId 1001 subId 1
2021-02-20 16:25:02.6397 INFO heart beat ping from appType Gate appId 1001 subId 1
2021-02-20 16:25:02.6410 INFO heart beat ping from appType Gate appId 1001 subId 1
2021-02-20 16:25:02.6569 INFO heart beat pong from appType Zone appId 1001 subId 1
2021-02-20 16:25:02.6684 INFO heart beat pong from appType Global appId 1001 subId 1
2021-02-20 16:25:02.6684 INFO heart beat pong from appType Manager appId 1001 subId 1
2021-02-20 16:25:03.2768 INFO heart beat ping from appType Account appId 1001 subId 1
2021-02-20 16:25:03.2923 INFO heart beat pong from appType Global appId 1001 subId 1
2021-02-20 16:25:03.4800 INFO heart beat ping from appType Gate appId 1001 subId 1
2021-02-20 16:25:03.4938 INFO heart beat pong from appType Account appId 1001 subId 1
2021-02-20 16:25:03.5868 INFO heart beat ping from appType Relation appId 1001 subId 1
2021-02-20 16:25:03.6025 INFO heart beat pong from appType Global appId 1001 subId 1
2021-02-20 16:25:03.6486 INFO heart beat ping from appType Zone appId 1001 subId 1
2021-02-20 16:25:03.6487 INFO heart beat ping from appType Zone appId 1001 subId 1
2021-02-20 16:25:03.6644 INFO heart beat pong from appType Relation appId 1001 subId 1
2021-02-20 16:25:03.6644 INFO heart beat pong from appType Global appId 1001 subId 1
2021-02-20 16:25:03.7581 INFO heart beat ping from appType Relation appId 1001 subId 1
2021-02-20 16:25:03.7729 INFO heart beat pong from appType Manager appId 1001 subId 1
2021-02-20 16:25:03.7894 INFO heart beat ping from appType Zone appId 1001 subId 1
2021-02-20 16:25:03.8052 INFO heart beat pong from appType Manager appId 1001 subId 1
2021-02-20 16:25:03.8840 INFO heart beat ping from appType Manager appId 1001 subId 1
2021-02-20 16:25:03.9067 INFO heart beat pong from appType Global appId 1001 subId 1
2021-02-20 16:25:13.3002 INFO heart beat ping from appType Account appId 1001 subId 1
2021-02-20 16:25:13.3337 INFO heart beat pong from appType Global appId 1001 subId 1
2021-02-20 16:25:13.5879 INFO heart beat ping from appType Relation appId 1001 subId 1
2021-02-20 16:25:13.6015 INFO heart beat pong from appType Global appId 1001 subId 1
2021-02-20 16:25:13.6486 INFO heart beat ping from appType Zone appId 1001 subId 1
2021-02-20 16:25:13.6487 INFO heart beat ping from appType Zone appId 1001 subId 1
2021-02-20 16:25:13.6636 INFO heart beat pong from appType Global appId 1001 subId 1
2021-02-20 16:25:13.6636 INFO heart beat pong from appType Relation appId 1001 subId 1
2021-02-20 16:25:13.7725 INFO heart beat ping from appType Relation appId 1001 subId 1
2021-02-20 16:25:13.7873 INFO heart beat pong from appType Manager appId 1001 subId 1
2021-02-20 16:25:13.8032 INFO heart beat ping from appType Zone appId 1001 subId 1
2021-02-20 16:25:13.8200 INFO heart beat pong from appType Manager appId 1001 subId 1
2021-02-20 16:25:13.9129 INFO heart beat ping from appType Manager appId 1001 subId 1
2021-02-20 16:25:13.9291 INFO heart beat pong from appType Global appId 1001 subId 1
2021-02-20 16:25:23.2958 INFO heart beat ping from appType Account appId 1001 subId 1
2021-02-20 16:25:23.3121 INFO heart beat pong from appType Global appId 1001 subId 1
2021-02-20 16:25:23.5886 INFO heart beat ping from appType Relation appId 1001 subId 1
2021-02-20 16:25:23.6037 INFO heart beat pong from appType Global appId 1001 subId 1
2021-02-20 16:25:23.6509 INFO heart beat ping from appType Zone appId 1001 subId 1
2021-02-20 16:25:23.6507 INFO heart beat ping from appType Zone appId 1001 subId 1
2021-02-20 16:25:23.6656 INFO heart beat pong from appType Relation appId 1001 subId 1
2021-02-20 16:25:23.6656 INFO heart beat pong from appType Global appId 1001 subId 1
2021-02-20 16:25:23.7931 INFO heart beat ping from appType Relation appId 1001 subId 1
2021-02-20 16:25:23.7931 INFO heart beat ping from appType Zone appId 1001 subId 1
2021-02-20 16:25:23.8073 INFO heart beat pong from appType Manager appId 1001 subId 1
2021-02-20 16:25:23.8074 INFO heart beat pong from appType Manager appId 1001 subId 1
2021-02-20 16:25:23.9188 INFO heart beat ping from appType Manager appId 1001 subId 1
2021-02-20 16:25:23.9347 INFO heart beat pong from appType Global appId 1001 subId 1
2021-02-20 16:25:33.3145 INFO heart beat ping from appType Account appId 1001 subId 1
2021-02-20 16:25:33.3306 INFO heart beat pong from appType Global appId 1001 subId 1
2021-02-20 16:25:33.5906 INFO heart beat ping from appType Relation appId 1001 subId 1
2021-02-20 16:25:33.6065 INFO heart beat pong from appType Global appId 1001 subId 1
2021-02-20 16:25:33.6705 INFO heart beat ping from appType Zone appId 1001 subId 1
2021-02-20 16:25:33.6706 INFO heart beat ping from appType Zone appId 1001 subId 1
2021-02-20 16:25:33.6857 INFO heart beat pong from appType Relation appId 1001 subId 1
2021-02-20 16:25:33.6857 INFO heart beat pong from appType Global appId 1001 subId 1
2021-02-20 16:25:33.7814 INFO heart beat ping from appType Relation appId 1001 subId 1
2021-02-20 16:25:33.7956 INFO heart beat pong from appType Manager appId 1001 subId 1
2021-02-20 16:25:33.7965 INFO heart beat ping from appType Zone appId 1001 subId 1
2021-02-20 16:25:33.8118 INFO heart beat pong from appType Manager appId 1001 subId 1
2021-02-20 16:25:33.9197 INFO heart beat ping from appType Manager appId 1001 subId 1
2021-02-20 16:25:33.9360 INFO heart beat pong from appType Global appId 1001 subId 1
2021-02-20 16:25:43.3178 INFO heart beat ping from appType Account appId 1001 subId 1
2021-02-20 16:25:43.3445 INFO heart beat pong from appType Global appId 1001 subId 1
2021-02-20 16:25:43.5947 INFO heart beat ping from appType Relation appId 1001 subId 1
2021-02-20 16:25:43.6099 INFO heart beat pong from appType Global appId 1001 subId 1
2021-02-20 16:25:43.6727 INFO heart beat ping from appType Zone appId 1001 subId 1
2021-02-20 16:25:43.6728 INFO heart beat ping from appType Zone appId 1001 subId 1
2021-02-20 16:25:43.6881 INFO heart beat pong from appType Global appId 1001 subId 1
2021-02-20 16:25:43.6908 INFO heart beat pong from appType Relation appId 1001 subId 1
2021-02-20 16:25:43.7973 INFO heart beat ping from appType Relation appId 1001 subId 1
2021-02-20 16:25:43.8000 INFO heart beat ping from appType Zone appId 1001 subId 1
2021-02-20 16:25:43.8136 INFO heart beat pong from appType Manager appId 1001 subId 1
2021-02-20 16:25:43.8137 INFO heart beat pong from appType Manager appId 1001 subId 1
2021-02-20 16:25:43.9213 INFO heart beat ping from appType Manager appId 1001 subId 1
2021-02-20 16:25:43.9371 INFO heart beat pong from appType Global appId 1001 subId 1
2021-02-20 16:25:53.3294 INFO heart beat ping from appType Account appId 1001 subId 1
2021-02-20 16:25:53.3471 INFO heart beat pong from appType Global appId 1001 subId 1
2021-02-20 16:25:53.5980 INFO heart beat ping from appType Relation appId 1001 subId 1
2021-02-20 16:25:53.6131 INFO heart beat pong from appType Global appId 1001 subId 1
2021-02-20 16:25:53.6776 INFO heart beat ping from appType Zone appId 1001 subId 1
2021-02-20 16:25:53.6781 INFO heart beat ping from appType Zone appId 1001 subId 1
2021-02-20 16:25:53.6920 INFO heart beat pong from appType Global appId 1001 subId 1
2021-02-20 16:25:53.6920 INFO heart beat pong from appType Relation appId 1001 subId 1
2021-02-20 16:25:53.7884 INFO heart beat ping from appType Relation appId 1001 subId 1
2021-02-20 16:25:53.8006 INFO heart beat pong from appType Manager appId 1001 subId 1
2021-02-20 16:25:53.8182 INFO heart beat ping from appType Zone appId 1001 subId 1
2021-02-20 16:25:53.8318 INFO heart beat pong from appType Manager appId 1001 subId 1
2021-02-20 16:25:53.9250 INFO heart beat ping from appType Manager appId 1001 subId 1
2021-02-20 16:25:53.9410 INFO heart beat pong from appType Global appId 1001 subId 1
2021-02-20 16:26:03.3342 INFO heart beat ping from appType Account appId 1001 subId 1
2021-02-20 16:26:03.3511 INFO heart beat pong from appType Global appId 1001 subId 1
2021-02-20 16:26:03.6105 INFO heart beat ping from appType Relation appId 1001 subId 1
2021-02-20 16:26:03.6328 INFO heart beat pong from appType Global appId 1001 subId 1
2021-02-20 16:26:03.6865 INFO heart beat ping from appType Zone appId 1001 subId 1
2021-02-20 16:26:03.6865 INFO heart beat ping from appType Zone appId 1001 subId 1
2021-02-20 16:26:03.7021 INFO heart beat pong from appType Global appId 1001 subId 1
2021-02-20 16:26:03.7045 INFO heart beat pong from appType Relation appId 1001 subId 1
2021-02-20 16:26:03.7971 INFO heart beat ping from appType Relation appId 1001 subId 1
2021-02-20 16:26:03.8126 INFO heart beat pong from appType Manager appId 1001 subId 1
2021-02-20 16:26:03.8279 INFO heart beat ping from appType Zone appId 1001 subId 1
2021-02-20 16:26:03.8420 INFO heart beat pong from appType Manager appId 1001 subId 1
2021-02-20 16:26:03.9327 INFO heart beat ping from appType Manager appId 1001 subId 1
2021-02-20 16:26:03.9487 INFO heart beat pong from appType Global appId 1001 subId 1
2021-02-20 16:26:13.3350 INFO heart beat ping from appType Account appId 1001 subId 1
2021-02-20 16:26:13.3529 INFO heart beat pong from appType Global appId 1001 subId 1
2021-02-20 16:26:13.6145 INFO heart beat ping from appType Relation appId 1001 subId 1
2021-02-20 16:26:13.6297 INFO heart beat pong from appType Global appId 1001 subId 1
2021-02-20 16:26:13.6773 INFO heart beat ping from appType Zone appId 1001 subId 1
2021-02-20 16:26:13.6927 INFO heart beat pong from appType Global appId 1001 subId 1
2021-02-20 16:26:13.6928 INFO heart beat ping from appType Zone appId 1001 subId 1
2021-02-20 16:26:13.6927 INFO heart beat pong from appType Relation appId 1001 subId 1
2021-02-20 16:26:13.8015 INFO heart beat ping from appType Relation appId 1001 subId 1
2021-02-20 16:26:13.8170 INFO heart beat pong from appType Manager appId 1001 subId 1
2021-02-20 16:26:13.8332 INFO heart beat ping from appType Zone appId 1001 subId 1
2021-02-20 16:26:13.8498 INFO heart beat pong from appType Manager appId 1001 subId 1
2021-02-20 16:26:13.9440 INFO heart beat ping from appType Manager appId 1001 subId 1
2021-02-20 16:26:13.9575 INFO heart beat pong from appType Global appId 1001 subId 1
2021-02-20 16:26:23.3424 INFO heart beat ping from appType Account appId 1001 subId 1
2021-02-20 16:26:23.3633 INFO heart beat pong from appType Global appId 1001 subId 1
2021-02-20 16:26:23.6177 INFO heart beat ping from appType Relation appId 1001 subId 1
2021-02-20 16:26:23.6335 INFO heart beat pong from appType Global appId 1001 subId 1
2021-02-20 16:26:23.6821 INFO heart beat ping from appType Zone appId 1001 subId 1
2021-02-20 16:26:23.6958 INFO heart beat pong from appType Global appId 1001 subId 1
2021-02-20 16:26:23.6959 INFO heart beat ping from appType Zone appId 1001 subId 1
2021-02-20 16:26:23.7110 INFO heart beat pong from appType Relation appId 1001 subId 1
2021-02-20 16:26:23.8059 INFO heart beat ping from appType Relation appId 1001 subId 1
2021-02-20 16:26:23.8219 INFO heart beat pong from appType Manager appId 1001 subId 1
2021-02-20 16:26:23.8381 INFO heart beat ping from appType Zone appId 1001 subId 1
2021-02-20 16:26:23.8532 INFO heart beat pong from appType Manager appId 1001 subId 1
2021-02-20 16:26:23.9458 INFO heart beat ping from appType Manager appId 1001 subId 1
2021-02-20 16:26:23.9618 INFO heart beat pong from appType Global appId 1001 subId 1
2021-02-20 16:26:33.3610 INFO heart beat ping from appType Account appId 1001 subId 1
2021-02-20 16:26:33.3747 INFO heart beat pong from appType Global appId 1001 subId 1
2021-02-20 16:26:33.6276 INFO heart beat ping from appType Relation appId 1001 subId 1
2021-02-20 16:26:33.6418 INFO heart beat pong from appType Global appId 1001 subId 1
2021-02-20 16:26:33.7034 INFO heart beat ping from appType Zone appId 1001 subId 1
2021-02-20 16:26:33.7041 INFO heart beat ping from appType Zone appId 1001 subId 1
2021-02-20 16:26:33.7226 INFO heart beat pong from appType Global appId 1001 subId 1
2021-02-20 16:26:33.7226 INFO heart beat pong from appType Relation appId 1001 subId 1
2021-02-20 16:26:33.8306 INFO heart beat ping from appType Relation appId 1001 subId 1
2021-02-20 16:26:33.8306 INFO heart beat ping from appType Zone appId 1001 subId 1
2021-02-20 16:26:33.8447 INFO heart beat pong from appType Manager appId 1001 subId 1
2021-02-20 16:26:33.8447 INFO heart beat pong from appType Manager appId 1001 subId 1
2021-02-20 16:26:33.9529 INFO heart beat ping from appType Manager appId 1001 subId 1
2021-02-20 16:26:33.9678 INFO heart beat pong from appType Global appId 1001 subId 1
2021-02-20 16:26:43.3667 INFO heart beat ping from appType Account appId 1001 subId 1
2021-02-20 16:26:43.3837 INFO heart beat pong from appType Global appId 1001 subId 1
2021-02-20 16:26:43.6404 INFO heart beat ping from appType Relation appId 1001 subId 1
2021-02-20 16:26:43.6555 INFO heart beat pong from appType Global appId 1001 subId 1
2021-02-20 16:26:43.7176 INFO heart beat ping from appType Zone appId 1001 subId 1
2021-02-20 16:26:43.7177 INFO heart beat ping from appType Zone appId 1001 subId 1
2021-02-20 16:26:43.7330 INFO heart beat pong from appType Relation appId 1001 subId 1
2021-02-20 16:26:43.7376 INFO heart beat pong from appType Global appId 1001 subId 1
2021-02-20 16:26:43.8389 INFO heart beat ping from appType Relation appId 1001 subId 1
2021-02-20 16:26:43.8389 INFO heart beat ping from appType Zone appId 1001 subId 1
2021-02-20 16:26:43.8534 INFO heart beat pong from appType Manager appId 1001 subId 1
2021-02-20 16:26:43.8534 INFO heart beat pong from appType Manager appId 1001 subId 1
2021-02-20 16:26:43.9608 INFO heart beat ping from appType Manager appId 1001 subId 1
2021-02-20 16:26:43.9749 INFO heart beat pong from appType Global appId 1001 subId 1
2021-02-20 16:26:50.0764 INFO heart beat ping from appType Gate appId 1001 subId 1
2021-02-20 16:26:50.0773 INFO heart beat ping from appType Gate appId 1001 subId 1
2021-02-20 16:26:50.0769 INFO heart beat ping from appType Gate appId 1001 subId 1
2021-02-20 16:26:50.1135 INFO heart beat pong from appType Global appId 1001 subId 1
2021-02-20 16:26:50.0772 INFO heart beat ping from appType Gate appId 1001 subId 1
2021-02-20 16:26:50.1603 INFO heart beat pong from appType Manager appId 1001 subId 1
2021-02-20 16:26:50.1913 INFO heart beat pong from appType Account appId 1001 subId 1
2021-02-20 16:26:50.1913 INFO heart beat pong from appType Zone appId 1001 subId 1
2021-02-20 16:26:53.3674 INFO heart beat ping from appType Account appId 1001 subId 1
2021-02-20 16:26:53.3871 INFO heart beat pong from appType Global appId 1001 subId 1
2021-02-20 16:26:53.6479 INFO heart beat ping from appType Relation appId 1001 subId 1
2021-02-20 16:26:53.6637 INFO heart beat pong from appType Global appId 1001 subId 1
2021-02-20 16:26:53.7285 INFO heart beat ping from appType Zone appId 1001 subId 1
2021-02-20 16:26:53.7273 INFO heart beat ping from appType Zone appId 1001 subId 1
2021-02-20 16:26:53.7441 INFO heart beat pong from appType Relation appId 1001 subId 1
2021-02-20 16:26:53.7504 INFO heart beat pong from appType Global appId 1001 subId 1
2021-02-20 16:26:53.8503 INFO heart beat ping from appType Relation appId 1001 subId 1
2021-02-20 16:26:53.8503 INFO heart beat ping from appType Zone appId 1001 subId 1
2021-02-20 16:26:53.8658 INFO heart beat pong from appType Manager appId 1001 subId 1
2021-02-20 16:26:53.8660 INFO heart beat pong from appType Manager appId 1001 subId 1
2021-02-20 16:26:53.9602 INFO heart beat ping from appType Manager appId 1001 subId 1
2021-02-20 16:26:53.9747 INFO heart beat pong from appType Global appId 1001 subId 1
2021-02-20 16:27:00.0845 INFO heart beat ping from appType Gate appId 1001 subId 1
2021-02-20 16:27:00.0874 INFO heart beat ping from appType Gate appId 1001 subId 1
2021-02-20 16:27:00.0871 INFO heart beat ping from appType Gate appId 1001 subId 1
2021-02-20 16:27:00.0870 INFO heart beat ping from appType Gate appId 1001 subId 1
2021-02-20 16:27:00.1006 INFO heart beat pong from appType Global appId 1001 subId 1
2021-02-20 16:27:00.1006 INFO heart beat pong from appType Zone appId 1001 subId 1
2021-02-20 16:27:00.1006 INFO heart beat pong from appType Manager appId 1001 subId 1
2021-02-20 16:27:00.1006 INFO heart beat pong from appType Account appId 1001 subId 1
2021-02-20 16:27:03.3802 INFO heart beat ping from appType Account appId 1001 subId 1
2021-02-20 16:27:03.3971 INFO heart beat pong from appType Global appId 1001 subId 1
2021-02-20 16:27:03.6605 INFO heart beat ping from appType Relation appId 1001 subId 1
2021-02-20 16:27:03.6759 INFO heart beat pong from appType Global appId 1001 subId 1
2021-02-20 16:27:03.7363 INFO heart beat ping from appType Zone appId 1001 subId 1
2021-02-20 16:27:03.7364 INFO heart beat ping from appType Zone appId 1001 subId 1
2021-02-20 16:27:03.7517 INFO heart beat pong from appType Global appId 1001 subId 1
2021-02-20 16:27:03.7517 INFO heart beat pong from appType Relation appId 1001 subId 1
2021-02-20 16:27:03.8450 INFO heart beat ping from appType Relation appId 1001 subId 1
2021-02-20 16:27:03.8599 INFO heart beat pong from appType Manager appId 1001 subId 1
2021-02-20 16:27:03.8758 INFO heart beat ping from appType Zone appId 1001 subId 1
2021-02-20 16:27:03.8907 INFO heart beat pong from appType Manager appId 1001 subId 1
2021-02-20 16:27:03.9827 INFO heart beat ping from appType Manager appId 1001 subId 1
2021-02-20 16:27:03.9980 INFO heart beat pong from appType Global appId 1001 subId 1
2021-02-20 16:27:10.0947 INFO heart beat ping from appType Gate appId 1001 subId 1
2021-02-20 16:27:10.0945 INFO heart beat ping from appType Gate appId 1001 subId 1
2021-02-20 16:27:10.0968 INFO heart beat ping from appType Gate appId 1001 subId 1
2021-02-20 16:27:10.0942 INFO heart beat ping from appType Gate appId 1001 subId 1
2021-02-20 16:27:10.1148 INFO heart beat pong from appType Manager appId 1001 subId 1
2021-02-20 16:27:10.1148 INFO heart beat pong from appType Global appId 1001 subId 1
2021-02-20 16:27:10.1148 INFO heart beat pong from appType Account appId 1001 subId 1
2021-02-20 16:27:10.1304 INFO heart beat pong from appType Zone appId 1001 subId 1
2021-02-20 16:27:13.3934 INFO heart beat ping from appType Account appId 1001 subId 1
2021-02-20 16:27:13.4119 INFO heart beat pong from appType Global appId 1001 subId 1
2021-02-20 16:27:13.6579 INFO heart beat ping from appType Relation appId 1001 subId 1
2021-02-20 16:27:13.6738 INFO heart beat pong from appType Global appId 1001 subId 1
2021-02-20 16:27:13.7491 INFO heart beat ping from appType Zone appId 1001 subId 1
2021-02-20 16:27:13.7491 INFO heart beat ping from appType Zone appId 1001 subId 1
2021-02-20 16:27:13.7638 INFO heart beat pong from appType Relation appId 1001 subId 1
2021-02-20 16:27:13.7662 INFO heart beat pong from appType Global appId 1001 subId 1
2021-02-20 16:27:13.8720 INFO heart beat ping from appType Relation appId 1001 subId 1
2021-02-20 16:27:13.8754 INFO heart beat ping from appType Zone appId 1001 subId 1
2021-02-20 16:27:13.8879 INFO heart beat pong from appType Manager appId 1001 subId 1
2021-02-20 16:27:13.8879 INFO heart beat pong from appType Manager appId 1001 subId 1
2021-02-20 16:27:13.9832 INFO heart beat ping from appType Manager appId 1001 subId 1
2021-02-20 16:27:13.9985 INFO heart beat pong from appType Global appId 1001 subId 1
2021-02-20 16:27:20.1059 INFO heart beat ping from appType Gate appId 1001 subId 1
2021-02-20 16:27:20.1060 INFO heart beat ping from appType Gate appId 1001 subId 1
2021-02-20 16:27:20.1069 INFO heart beat ping from appType Gate appId 1001 subId 1
2021-02-20 16:27:20.1060 INFO heart beat ping from appType Gate appId 1001 subId 1
2021-02-20 16:27:20.1235 INFO heart beat pong from appType Manager appId 1001 subId 1
2021-02-20 16:27:20.1265 INFO heart beat pong from appType Zone appId 1001 subId 1
2021-02-20 16:27:20.1265 INFO heart beat pong from appType Global appId 1001 subId 1
2021-02-20 16:27:20.1265 INFO heart beat pong from appType Account appId 1001 subId 1
2021-02-20 16:27:23.3943 INFO heart beat ping from appType Account appId 1001 subId 1
2021-02-20 16:27:23.4113 INFO heart beat pong from appType Global appId 1001 subId 1
2021-02-20 16:27:23.6855 INFO heart beat ping from appType Relation appId 1001 subId 1
2021-02-20 16:27:23.7005 INFO heart beat pong from appType Global appId 1001 subId 1
2021-02-20 16:27:23.7640 INFO heart beat ping from appType Zone appId 1001 subId 1
2021-02-20 16:27:23.7644 INFO heart beat ping from appType Zone appId 1001 subId 1
2021-02-20 16:27:23.7801 INFO heart beat pong from appType Global appId 1001 subId 1
2021-02-20 16:27:23.7824 INFO heart beat pong from appType Relation appId 1001 subId 1
2021-02-20 16:27:23.8747 INFO heart beat ping from appType Relation appId 1001 subId 1
2021-02-20 16:27:23.8747 INFO heart beat ping from appType Zone appId 1001 subId 1
2021-02-20 16:27:23.8908 INFO heart beat pong from appType Manager appId 1001 subId 1
2021-02-20 16:27:23.8909 INFO heart beat pong from appType Manager appId 1001 subId 1
2021-02-20 16:27:23.9823 INFO heart beat ping from appType Manager appId 1001 subId 1
2021-02-20 16:27:23.9983 INFO heart beat pong from appType Global appId 1001 subId 1
2021-02-20 16:27:30.1168 INFO heart beat ping from appType Gate appId 1001 subId 1
2021-02-20 16:27:30.1169 INFO heart beat ping from appType Gate appId 1001 subId 1
2021-02-20 16:27:30.1171 INFO heart beat ping from appType Gate appId 1001 subId 1
2021-02-20 16:27:30.1169 INFO heart beat ping from appType Gate appId 1001 subId 1
2021-02-20 16:27:30.1345 INFO heart beat pong from appType Manager appId 1001 subId 1
2021-02-20 16:27:30.1345 INFO heart beat pong from appType Account appId 1001 subId 1
2021-02-20 16:27:30.1345 INFO heart beat pong from appType Global appId 1001 subId 1
2021-02-20 16:27:30.1345 INFO heart beat pong from appType Zone appId 1001 subId 1
2021-02-20 16:27:33.3932 INFO heart beat ping from appType Account appId 1001 subId 1
2021-02-20 16:27:33.4104 INFO heart beat pong from appType Global appId 1001 subId 1
2021-02-20 16:27:33.6915 INFO heart beat ping from appType Relation appId 1001 subId 1
2021-02-20 16:27:33.7065 INFO heart beat pong from appType Global appId 1001 subId 1
2021-02-20 16:27:33.7676 INFO heart beat ping from appType Zone appId 1001 subId 1
2021-02-20 16:27:33.7677 INFO heart beat ping from appType Zone appId 1001 subId 1
2021-02-20 16:27:33.7853 INFO heart beat pong from appType Global appId 1001 subId 1
2021-02-20 16:27:33.7853 INFO heart beat pong from appType Relation appId 1001 subId 1
2021-02-20 16:27:33.8764 INFO heart beat ping from appType Relation appId 1001 subId 1
2021-02-20 16:27:33.8764 INFO heart beat ping from appType Zone appId 1001 subId 1
2021-02-20 16:27:33.8924 INFO heart beat pong from appType Manager appId 1001 subId 1
2021-02-20 16:27:33.8925 INFO heart beat pong from appType Manager appId 1001 subId 1
2021-02-20 16:27:33.9844 INFO heart beat ping from appType Manager appId 1001 subId 1
2021-02-20 16:27:34.0014 INFO heart beat pong from appType Global appId 1001 subId 1
2021-02-20 16:27:40.1081 INFO heart beat ping from appType Gate appId 1001 subId 1
2021-02-20 16:27:40.1081 INFO heart beat ping from appType Gate appId 1001 subId 1
2021-02-20 16:27:40.1248 INFO heart beat pong from appType Global appId 1001 subId 1
2021-02-20 16:27:40.1255 INFO heart beat ping from appType Gate appId 1001 subId 1
2021-02-20 16:27:40.1251 INFO heart beat ping from appType Gate appId 1001 subId 1
2021-02-20 16:27:40.1248 INFO heart beat pong from appType Zone appId 1001 subId 1
2021-02-20 16:27:40.1248 INFO heart beat pong from appType Manager appId 1001 subId 1
2021-02-20 16:27:40.1248 INFO heart beat pong from appType Account appId 1001 subId 1
2021-02-20 16:27:43.4101 INFO heart beat ping from appType Account appId 1001 subId 1
2021-02-20 16:27:43.4287 INFO heart beat pong from appType Global appId 1001 subId 1
2021-02-20 16:27:43.7048 INFO heart beat ping from appType Relation appId 1001 subId 1
2021-02-20 16:27:43.7213 INFO heart beat pong from appType Global appId 1001 subId 1
2021-02-20 16:27:43.7809 INFO heart beat ping from appType Zone appId 1001 subId 1
2021-02-20 16:27:43.7811 INFO heart beat ping from appType Zone appId 1001 subId 1
2021-02-20 16:27:43.7969 INFO heart beat pong from appType Global appId 1001 subId 1
2021-02-20 16:27:43.7969 INFO heart beat pong from appType Relation appId 1001 subId 1
2021-02-20 16:27:43.8920 INFO heart beat ping from appType Relation appId 1001 subId 1
2021-02-20 16:27:43.8920 INFO heart beat ping from appType Zone appId 1001 subId 1
2021-02-20 16:27:43.9060 INFO heart beat pong from appType Manager appId 1001 subId 1
2021-02-20 16:27:43.9086 INFO heart beat pong from appType Manager appId 1001 subId 1
2021-02-20 16:27:43.9851 INFO heart beat ping from appType Manager appId 1001 subId 1
2021-02-20 16:27:44.0016 INFO heart beat pong from appType Global appId 1001 subId 1
2021-02-20 16:27:50.1448 INFO heart beat ping from appType Gate appId 1001 subId 1
2021-02-20 16:27:50.1468 INFO heart beat ping from appType Gate appId 1001 subId 1
2021-02-20 16:27:50.1464 INFO heart beat ping from appType Gate appId 1001 subId 1
2021-02-20 16:27:50.1465 INFO heart beat ping from appType Gate appId 1001 subId 1
2021-02-20 16:27:50.2012 INFO heart beat pong from appType Global appId 1001 subId 1
2021-02-20 16:27:50.3012 INFO heart beat pong from appType Account appId 1001 subId 1
2021-02-20 16:27:50.3012 INFO heart beat pong from appType Manager appId 1001 subId 1
2021-02-20 16:27:50.3012 INFO heart beat pong from appType Zone appId 1001 subId 1
2021-02-20 16:27:53.4247 INFO heart beat ping from appType Account appId 1001 subId 1
2021-02-20 16:27:53.4409 INFO heart beat pong from appType Global appId 1001 subId 1
2021-02-20 16:27:53.7034 INFO heart beat ping from appType Relation appId 1001 subId 1
2021-02-20 16:27:53.7169 INFO heart beat pong from appType Global appId 1001 subId 1
2021-02-20 16:27:53.7967 INFO heart beat ping from appType Zone appId 1001 subId 1
2021-02-20 16:27:53.7968 INFO heart beat ping from appType Zone appId 1001 subId 1
2021-02-20 16:27:53.8311 INFO heart beat pong from appType Relation appId 1001 subId 1
2021-02-20 16:27:53.9022 INFO heart beat pong from appType Global appId 1001 subId 1
2021-02-20 16:27:53.9033 INFO heart beat ping from appType Relation appId 1001 subId 1
2021-02-20 16:27:53.9033 INFO heart beat ping from appType Zone appId 1001 subId 1
2021-02-20 16:27:53.9190 INFO heart beat pong from appType Manager appId 1001 subId 1
2021-02-20 16:27:53.9192 INFO heart beat pong from appType Manager appId 1001 subId 1
2021-02-20 16:27:53.9916 INFO heart beat ping from appType Manager appId 1001 subId 1
2021-02-20 16:27:54.0297 INFO heart beat pong from appType Global appId 1001 subId 1
2021-02-20 16:28:00.1562 INFO heart beat ping from appType Gate appId 1001 subId 1
2021-02-20 16:28:00.1567 INFO heart beat ping from appType Gate appId 1001 subId 1
2021-02-20 16:28:00.1564 INFO heart beat ping from appType Gate appId 1001 subId 1
2021-02-20 16:28:00.1566 INFO heart beat ping from appType Gate appId 1001 subId 1
2021-02-20 16:28:00.1701 INFO heart beat pong from appType Global appId 1001 subId 1
2021-02-20 16:28:00.1733 INFO heart beat pong from appType Zone appId 1001 subId 1
2021-02-20 16:28:00.1733 INFO heart beat pong from appType Account appId 1001 subId 1
2021-02-20 16:28:00.1733 INFO heart beat pong from appType Manager appId 1001 subId 1
2021-02-20 16:28:03.4231 INFO heart beat ping from appType Account appId 1001 subId 1
2021-02-20 16:28:03.4423 INFO heart beat pong from appType Global appId 1001 subId 1
2021-02-20 16:28:03.7320 INFO heart beat ping from appType Relation appId 1001 subId 1
2021-02-20 16:28:03.7482 INFO heart beat pong from appType Global appId 1001 subId 1
2021-02-20 16:28:03.8098 INFO heart beat ping from appType Zone appId 1001 subId 1
2021-02-20 16:28:03.8101 INFO heart beat ping from appType Zone appId 1001 subId 1
2021-02-20 16:28:03.8261 INFO heart beat pong from appType Global appId 1001 subId 1
2021-02-20 16:28:03.8286 INFO heart beat pong from appType Relation appId 1001 subId 1
2021-02-20 16:28:03.9057 INFO heart beat ping from appType Relation appId 1001 subId 1
2021-02-20 16:28:03.9057 INFO heart beat ping from appType Zone appId 1001 subId 1
2021-02-20 16:28:03.9203 INFO heart beat pong from appType Manager appId 1001 subId 1
2021-02-20 16:28:03.9205 INFO heart beat pong from appType Manager appId 1001 subId 1
2021-02-20 16:28:03.9971 INFO heart beat ping from appType Manager appId 1001 subId 1
2021-02-20 16:28:04.0131 INFO heart beat pong from appType Global appId 1001 subId 1
2021-02-20 16:28:10.1558 INFO heart beat ping from appType Gate appId 1001 subId 1
2021-02-20 16:28:10.1602 INFO heart beat ping from appType Gate appId 1001 subId 1
2021-02-20 16:28:10.1558 INFO heart beat ping from appType Gate appId 1001 subId 1
2021-02-20 16:28:10.1601 INFO heart beat ping from appType Gate appId 1001 subId 1
2021-02-20 16:28:10.1731 INFO heart beat pong from appType Account appId 1001 subId 1
2021-02-20 16:28:10.1731 INFO heart beat pong from appType Manager appId 1001 subId 1
2021-02-20 16:28:10.1924 INFO heart beat pong from appType Global appId 1001 subId 1
2021-02-20 16:28:10.1924 INFO heart beat pong from appType Zone appId 1001 subId 1
2021-02-20 16:28:13.4210 INFO heart beat ping from appType Account appId 1001 subId 1
2021-02-20 16:28:13.4357 INFO heart beat pong from appType Global appId 1001 subId 1
2021-02-20 16:28:13.7423 INFO heart beat ping from appType Relation appId 1001 subId 1
2021-02-20 16:28:13.7585 INFO heart beat pong from appType Global appId 1001 subId 1
2021-02-20 16:28:13.8204 INFO heart beat ping from appType Zone appId 1001 subId 1
2021-02-20 16:28:13.8205 INFO heart beat ping from appType Zone appId 1001 subId 1
2021-02-20 16:28:13.8363 INFO heart beat pong from appType Global appId 1001 subId 1
2021-02-20 16:28:13.8363 INFO heart beat pong from appType Relation appId 1001 subId 1
2021-02-20 16:28:13.9131 INFO heart beat ping from appType Relation appId 1001 subId 1
2021-02-20 16:28:13.9131 INFO heart beat ping from appType Zone appId 1001 subId 1
2021-02-20 16:28:13.9288 INFO heart beat pong from appType Manager appId 1001 subId 1
2021-02-20 16:28:13.9291 INFO heart beat pong from appType Manager appId 1001 subId 1
2021-02-20 16:28:14.0065 INFO heart beat ping from appType Manager appId 1001 subId 1
2021-02-20 16:28:14.0227 INFO heart beat pong from appType Global appId 1001 subId 1
2021-02-20 16:28:20.1923 INFO heart beat ping from appType Gate appId 1001 subId 1
2021-02-20 16:28:20.2046 INFO heart beat ping from appType Gate appId 1001 subId 1
2021-02-20 16:28:20.2051 INFO heart beat ping from appType Gate appId 1001 subId 1
2021-02-20 16:28:20.2050 INFO heart beat ping from appType Gate appId 1001 subId 1
2021-02-20 16:28:20.4008 INFO heart beat pong from appType Global appId 1001 subId 1
2021-02-20 16:28:20.4123 INFO heart beat pong from appType Zone appId 1001 subId 1
2021-02-20 16:28:20.4123 INFO heart beat pong from appType Account appId 1001 subId 1
2021-02-20 16:28:20.4123 INFO heart beat pong from appType Manager appId 1001 subId 1
2021-02-20 16:28:23.4425 INFO heart beat ping from appType Account appId 1001 subId 1
2021-02-20 16:28:23.4580 INFO heart beat pong from appType Global appId 1001 subId 1
2021-02-20 16:28:23.7529 INFO heart beat ping from appType Relation appId 1001 subId 1
2021-02-20 16:28:23.7686 INFO heart beat pong from appType Global appId 1001 subId 1
2021-02-20 16:28:23.8174 INFO heart beat ping from appType Zone appId 1001 subId 1
2021-02-20 16:28:23.8320 INFO heart beat pong from appType Global appId 1001 subId 1
2021-02-20 16:28:23.8321 INFO heart beat ping from appType Zone appId 1001 subId 1
2021-02-20 16:28:23.8320 INFO heart beat pong from appType Relation appId 1001 subId 1
2021-02-20 16:28:23.9086 INFO heart beat ping from appType Relation appId 1001 subId 1
2021-02-20 16:28:23.9247 INFO heart beat pong from appType Manager appId 1001 subId 1
2021-02-20 16:28:23.9405 INFO heart beat ping from appType Zone appId 1001 subId 1
2021-02-20 16:28:23.9563 INFO heart beat pong from appType Manager appId 1001 subId 1
2021-02-20 16:28:24.0192 INFO heart beat ping from appType Manager appId 1001 subId 1
2021-02-20 16:28:24.0335 INFO heart beat pong from appType Global appId 1001 subId 1
2021-02-20 17:32:19.4730 INFO heart beat ping from appType Zone appId 1001 subId 1
2021-02-20 17:32:19.4889 INFO heart beat pong from appType Global appId 1001 subId 1
2021-02-20 17:32:19.6298 INFO heart beat ping from appType Account appId 1001 subId 1
2021-02-20 17:32:19.6454 INFO heart beat pong from appType Global appId 1001 subId 1
2021-02-20 17:32:19.8175 INFO heart beat ping from appType Relation appId 1001 subId 1
2021-02-20 17:32:19.8334 INFO heart beat pong from appType Global appId 1001 subId 1
2021-02-20 17:32:20.1269 INFO heart beat ping from appType Zone appId 1001 subId 1
2021-02-20 17:32:20.1417 INFO heart beat pong from appType Relation appId 1001 subId 1
2021-02-20 17:32:20.4407 INFO heart beat ping from appType Zone appId 1001 subId 1
2021-02-20 17:32:20.4555 INFO heart beat pong from appType Manager appId 1001 subId 1
2021-02-20 17:32:20.6109 INFO heart beat ping from appType Relation appId 1001 subId 1
2021-02-20 17:32:20.6263 INFO heart beat pong from appType Manager appId 1001 subId 1
2021-02-20 17:32:20.9692 INFO heart beat ping from appType Manager appId 1001 subId 1
2021-02-20 17:32:20.9844 INFO heart beat pong from appType Global appId 1001 subId 1
2021-02-20 17:32:22.9576 INFO heart beat ping from appType Gate appId 1001 subId 1
2021-02-20 17:32:22.9737 INFO heart beat pong from appType Zone appId 1001 subId 1
2021-02-20 17:32:23.0365 INFO heart beat ping from appType Gate appId 1001 subId 1
2021-02-20 17:32:23.0688 INFO heart beat pong from appType Account appId 1001 subId 1
2021-02-20 17:32:23.4532 INFO heart beat ping from appType Gate appId 1001 subId 1
2021-02-20 17:32:23.4533 INFO heart beat ping from appType Gate appId 1001 subId 1
2021-02-20 17:32:23.4692 INFO heart beat pong from appType Global appId 1001 subId 1
2021-02-20 17:32:23.4751 INFO heart beat pong from appType Manager appId 1001 subId 1
