2021-02-20 13:35:02.4031 ERROR SocketError ConnectionReset Giant.Net.Session.OnError(Session.cs:223)
2021-02-20 13:35:02.4033 ERROR SocketError ConnectionReset Giant.Net.Session.OnError(Session.cs:223)
2021-02-20 13:35:02.4033 ERROR SocketError ConnectionReset Giant.Net.Session.OnError(Session.cs:223)
2021-02-20 13:35:02.4319 ERROR SocketError ConnectionReset Giant.Net.Session.OnError(Session.cs:223)
2021-02-20 13:35:03.8456 ERROR SocketError ConnectionReset Giant.Net.Session.OnError(Session.cs:223)
2021-02-20 13:35:03.8469 ERROR SocketError ConnectionReset Giant.Net.Session.OnError(Session.cs:223)
2021-02-20 13:35:03.8442 ERROR SocketError ConnectionReset Giant.Net.Session.OnError(Session.cs:223)
2021-02-20 13:35:05.0608 ERROR SocketError ConnectionReset Giant.Net.Session.OnError(Session.cs:223)
2021-02-20 13:35:05.0639 ERROR SocketError ConnectionReset Giant.Net.Session.OnError(Session.cs:223)
2021-02-20 13:35:05.5337 ERROR SocketError IsConnected Giant.Net.Session.OnError(Session.cs:223)
2021-02-20 13:35:06.3399 ERROR SocketError ConnectionReset Giant.Net.Session.OnError(Session.cs:223)
2021-02-20 13:35:06.3546 ERROR SocketError ConnectionReset Giant.Net.Session.OnError(Session.cs:223)
2021-02-20 13:35:08.5554 ERROR SocketError IsConnected Giant.Net.Session.OnError(Session.cs:223)
2021-02-20 16:24:43.7286 ERROR ErrorCode 102008 Giant.Net.Session.OnError(Session.cs:220)
2021-02-20 16:26:49.9688 ERROR Google.Protobuf.InvalidProtocolBufferException: While parsing a protocol message, the input ended unexpectedly in the middle of a field.  This could mean either that the input has been truncated or that an embedded message misreported its own length.
   at Google.Protobuf.SegmentedBufferHelper.RefillFromCodedInputStream(ReadOnlySpan`1& buffer, ParserInternalState& state, Boolean mustSucceed)
   at Google.Protobuf.ParsingPrimitives.ReadRawBytesIntoSpan(ReadOnlySpan`1& buffer, ParserInternalState& state, Int32 length, Span`1 byteSpan)
   at Google.Protobuf.ParsingPrimitives.ReadRawBytesSlow(ReadOnlySpan`1& buffer, ParserInternalState& state, Int32 size)
   at Google.Protobuf.ParsingPrimitives.ReadRawBytes(ReadOnlySpan`1& buffer, ParserInternalState& state, Int32 size)
   at Google.Protobuf.UnknownFieldSet.MergeFieldFrom(ParseContext& ctx)
   at Google.Protobuf.UnknownFieldSet.MergeGroupFrom(ParseContext& ctx)
   at Google.Protobuf.ParsingPrimitivesMessages.ReadGroup(ParseContext& ctx, Int32 fieldNumber, UnknownFieldSet set)
   at Google.Protobuf.UnknownFieldSet.MergeFieldFrom(ParseContext& ctx)
   at Google.Protobuf.UnknownFieldSet.MergeGroupFrom(ParseContext& ctx)
   at Google.Protobuf.ParsingPrimitivesMessages.ReadGroup(ParseContext& ctx, Int32 fieldNumber, UnknownFieldSet set)
   at Google.Protobuf.UnknownFieldSet.MergeFieldFrom(ParseContext& ctx)
   at Google.Protobuf.UnknownFieldSet.MergeFieldFrom(UnknownFieldSet unknownFields, ParseContext& ctx)
   at Google.Protobuf.UnknownFieldSet.MergeFieldFrom(UnknownFieldSet unknownFields, CodedInputStream input)
   at Giant.Msg.Msg_CG_GetCharacter.MergeFrom(CodedInputStream input) in D:\wg\Giant\Server\Giant.Msg\OuterMessage.cs:line 1462
   at Google.Protobuf.MessageExtensions.MergeFrom(IMessage message, Stream input, Boolean discardUnknownFields, ExtensionRegistry registry)
   at Giant.Net.ProtoHelper.FromStream(MemoryStream stream, Type type) in D:\wg\Giant\Server\Giant.Net\Helper\ProtoHelper.cs:line 32
   at Giant.Net.ProtoPacker.DeserializeFrom(MemoryStream stream, Type type) in D:\wg\Giant\Server\Giant.Net\Packer\ProtoPacker.cs:line 31
   at Giant.Net.Session.OnRead(MemoryStream memoryStream) in D:\wg\Giant\Server\Giant.Net\Session.cs:line 193
   at Giant.Net.BaseChannel.OnRead(MemoryStream memoryStream) in D:\wg\Giant\Server\Giant.Net\Base\BaseChannel.cs:line 88
   at Giant.Net.TcpChannel.ReceiveComplete(Object eventArgs) in D:\wg\Giant\Server\Giant.Net\Network\Tcp\TcpChannel.cs:line 310 Giant.Net.Session.OnError(Session.cs:226)
2021-02-20 16:28:25.0651 ERROR SocketError ConnectionReset Giant.Net.Session.OnError(Session.cs:223)
2021-02-20 16:28:25.0735 ERROR SocketError ConnectionReset Giant.Net.Session.OnError(Session.cs:223)
2021-02-20 16:28:25.0708 ERROR SocketError ConnectionReset Giant.Net.Session.OnError(Session.cs:223)
2021-02-20 16:28:25.0812 ERROR SocketError ConnectionReset Giant.Net.Session.OnError(Session.cs:223)
2021-02-20 16:28:25.0737 ERROR SocketError ConnectionReset Giant.Net.Session.OnError(Session.cs:223)
2021-02-20 16:28:25.3133 ERROR SocketError ConnectionReset Giant.Net.Session.OnError(Session.cs:223)
2021-02-20 16:28:25.5539 ERROR SocketError ConnectionReset Giant.Net.Session.OnError(Session.cs:223)
2021-02-20 16:28:25.5550 ERROR SocketError ConnectionReset Giant.Net.Session.OnError(Session.cs:223)
2021-02-20 16:28:25.5532 ERROR SocketError ConnectionReset Giant.Net.Session.OnError(Session.cs:223)
2021-02-20 16:28:25.7717 ERROR SocketError ConnectionReset Giant.Net.Session.OnError(Session.cs:223)
2021-02-20 16:28:25.9896 ERROR SocketError ConnectionReset Giant.Net.Session.OnError(Session.cs:223)
2021-02-20 17:32:25.1679 ERROR SocketError ConnectionReset Giant.Net.Session.OnError(Session.cs:223)
2021-02-20 17:32:25.1726 ERROR SocketError ConnectionReset Giant.Net.Session.OnError(Session.cs:223)
2021-02-20 17:32:25.1697 ERROR SocketError ConnectionReset Giant.Net.Session.OnError(Session.cs:223)
2021-02-20 17:32:25.1686 ERROR SocketError ConnectionReset Giant.Net.Session.OnError(Session.cs:223)
2021-02-20 17:32:25.1719 ERROR SocketError ConnectionReset Giant.Net.Session.OnError(Session.cs:223)
2021-02-20 17:32:25.4102 ERROR SocketError ConnectionReset Giant.Net.Session.OnError(Session.cs:223)
2021-02-20 17:32:25.5815 ERROR SocketError ConnectionReset Giant.Net.Session.OnError(Session.cs:223)
2021-02-20 17:32:25.5866 ERROR SocketError ConnectionReset Giant.Net.Session.OnError(Session.cs:223)
2021-02-20 17:32:25.5871 ERROR SocketError ConnectionReset Giant.Net.Session.OnError(Session.cs:223)
2021-02-20 17:32:25.8180 ERROR SocketError ConnectionReset Giant.Net.Session.OnError(Session.cs:223)
2021-02-20 17:32:25.9785 ERROR SocketError ConnectionReset Giant.Net.Session.OnError(Session.cs:223)
