2021-02-20 10:45:05.6245 WARN app Gate 1001 1 start registe to Global 1001 ...
2021-02-20 10:45:05.7488 WARN app Gate 1001 1 registed to Global 1001 success !
2021-02-20 10:45:05.9588 WARN app Gate 1001 1 start registe to Account 1001 ...
2021-02-20 10:45:05.9897 WARN app Gate 1001 1 registed to Account 1001 success !
2021-02-20 10:45:06.7792 WARN app Gate 1001 1 start registe to Zone 1001 ...
2021-02-20 10:45:06.8123 WARN app Gate 1001 1 registed to Zone 1001 success !
2021-02-20 10:54:21.1598 WARN app Gate 1001 1 start registe to Global 1001 ...
2021-02-20 10:54:21.3311 WARN app Gate 1001 1 registed to Global 1001 success !
2021-02-20 10:54:21.3877 WARN app Gate 1001 1 start registe to Account 1001 ...
2021-02-20 10:54:21.4114 WARN app Gate 1001 1 registed to Account 1001 success !
2021-02-20 10:54:21.6136 WARN app Gate 1001 1 start registe to Zone 1001 ...
2021-02-20 10:54:21.6444 WARN app Gate 1001 1 registed to Zone 1001 success !
2021-02-20 11:17:47.8340 WARN app Gate 1001 1 start registe to Global 1001 ...
2021-02-20 11:17:47.9544 WARN app Gate 1001 1 registed to Global 1001 success !
2021-02-20 11:17:48.1627 WARN app Gate 1001 1 start registe to Account 1001 ...
2021-02-20 11:17:48.2534 WARN app Gate 1001 1 start registe to Zone 1001 ...
2021-02-20 11:17:48.2867 WARN app Gate 1001 1 registed to Zone 1001 success !
2021-02-20 11:17:48.4080 WARN app Gate 1001 1 start registe to Manager 1001 ...
2021-02-20 11:17:48.4402 WARN app Gate 1001 1 registed to Manager 1001 success !
2021-02-20 11:17:48.4852 WARN app Gate 1001 1 registed to Account 1001 success !
2021-02-20 11:23:07.6568 WARN session call OOT request 32 type Msg_HeartBeat_Ping
2021-02-20 11:23:41.9655 WARN session call OOT request 35 type Msg_HeartBeat_Ping
2021-02-20 11:23:41.9655 WARN session call OOT request 35 type Msg_HeartBeat_Ping
2021-02-20 11:24:10.1173 WARN session call OOT request 36 type Msg_HeartBeat_Ping
2021-02-20 11:25:02.0665 WARN session call OOT request 37 type Msg_HeartBeat_Ping
2021-02-20 11:25:15.2269 WARN session call OOT request 38 type Msg_HeartBeat_Ping
2021-02-20 11:31:49.7521 WARN session call OOT request 74 type Msg_HeartBeat_Ping
2021-02-20 11:31:49.7521 WARN session call OOT request 74 type Msg_HeartBeat_Ping
2021-02-20 11:31:49.7521 WARN session call OOT request 74 type Msg_HeartBeat_Ping
2021-02-20 11:31:49.7630 WARN session call OOT request 74 type Msg_HeartBeat_Ping
2021-02-20 13:37:43.6766 WARN app Gate 1001 1 start registe to Global 1001 ...
2021-02-20 13:37:44.9917 WARN app Gate 1001 1 registed to Global 1001 success !
2021-02-20 13:37:45.2607 WARN app Gate 1001 1 start registe to Account 1001 ...
2021-02-20 13:37:45.7536 WARN app Gate 1001 1 registed to Account 1001 success !
2021-02-20 13:37:45.8679 WARN app Gate 1001 1 start registe to Global 1001 ...
2021-02-20 13:37:46.0522 WARN app Gate 1001 1 registed to Global 1001 success !
2021-02-20 13:37:46.4157 WARN app Gate 1001 1 start registe to Account 1001 ...
2021-02-20 13:37:46.4266 WARN app Gate 1001 1 start registe to Manager 1001 ...
2021-02-20 13:37:46.4266 WARN app Gate 1001 1 start registe to Zone 1001 ...
2021-02-20 13:37:47.5532 WARN app Gate 1001 1 start registe to Zone 1001 ...
2021-02-20 13:37:47.5532 WARN app Gate 1001 1 registed to Manager 1001 success !
2021-02-20 13:37:47.5532 WARN app Gate 1001 1 registed to Account 1001 success !
2021-02-20 13:37:47.5702 WARN app Gate 1001 1 start registe to Manager 1001 ...
2021-02-20 13:37:47.5820 WARN app Gate 1001 1 registed to Zone 1001 success !
2021-02-20 13:37:47.6076 WARN app Gate 1001 1 registed to Manager 1001 success !
2021-02-20 14:03:59.6410 WARN app Gate 1001 1 start registe to Global 1001 ...
2021-02-20 14:03:59.7837 WARN app Gate 1001 1 registed to Global 1001 success !
2021-02-20 14:03:59.8599 WARN app Gate 1001 1 start registe to Account 1001 ...
2021-02-20 14:03:59.9997 WARN app Gate 1001 1 registed to Account 1001 success !
2021-02-20 14:04:00.1720 WARN app Gate 1001 1 start registe to Zone 1001 ...
2021-02-20 14:04:00.2021 WARN app Gate 1001 1 registed to Zone 1001 success !
2021-02-20 14:04:00.2510 WARN app Gate 1001 1 start registe to Manager 1001 ...
2021-02-20 14:04:00.2655 WARN app Gate 1001 1 registed to Manager 1001 success !
2021-02-20 14:04:55.6623 WARN session call OOT request 6 type Msg_HeartBeat_Ping
2021-02-20 14:07:23.9619 WARN session call OOT request 20 type Msg_HeartBeat_Ping
2021-02-20 14:07:34.8312 WARN session call OOT request 21 type Msg_HeartBeat_Ping
2021-02-20 14:07:34.8312 WARN session call OOT request 21 type Msg_HeartBeat_Ping
2021-02-20 14:07:34.8312 WARN session call OOT request 21 type Msg_HeartBeat_Ping
2021-02-20 14:07:34.8517 WARN session call OOT request 21 type Msg_HeartBeat_Ping
2021-02-20 14:07:44.1342 WARN session call OOT request 22 type Msg_HeartBeat_Ping
2021-02-20 14:07:55.8909 WARN session call OOT request 23 type Msg_HeartBeat_Ping
2021-02-20 14:08:09.3953 WARN session call OOT request 24 type Msg_HeartBeat_Ping
2021-02-20 14:08:27.7460 WARN session call OOT request 25 type Msg_HeartBeat_Ping
2021-02-20 14:08:32.1631 WARN session call OOT request 25 type Msg_HeartBeat_Ping
2021-02-20 14:08:41.3815 WARN session call OOT request 25 type Msg_HeartBeat_Ping
2021-02-20 14:08:45.5324 WARN session call OOT request 25 type Msg_HeartBeat_Ping
2021-02-20 14:12:33.8891 WARN app Gate 1001 1 start registe to Global 1001 ...
2021-02-20 14:12:34.0286 WARN app Gate 1001 1 registed to Global 1001 success !
2021-02-20 14:12:34.0846 WARN app Gate 1001 1 start registe to Account 1001 ...
2021-02-20 14:12:34.1066 WARN app Gate 1001 1 registed to Account 1001 success !
2021-02-20 14:12:34.2576 WARN app Gate 1001 1 start registe to Zone 1001 ...
2021-02-20 14:12:34.2782 WARN app Gate 1001 1 registed to Zone 1001 success !
2021-02-20 14:12:34.4413 WARN app Gate 1001 1 start registe to Manager 1001 ...
2021-02-20 14:12:34.4808 WARN app Gate 1001 1 registed to Manager 1001 success !
2021-02-20 14:15:25.2084 WARN session call OOT request 18 type Msg_HeartBeat_Ping
2021-02-20 14:15:35.2133 WARN session call OOT request 19 type Msg_HeartBeat_Ping
2021-02-20 14:17:45.2985 WARN session call OOT request 32 type Msg_HeartBeat_Ping
2021-02-20 14:17:55.2994 WARN session call OOT request 33 type Msg_HeartBeat_Ping
2021-02-20 14:18:05.3152 WARN session call OOT request 34 type Msg_HeartBeat_Ping
2021-02-20 14:18:15.3112 WARN session call OOT request 35 type Msg_HeartBeat_Ping
2021-02-20 14:18:25.3282 WARN session call OOT request 36 type Msg_HeartBeat_Ping
2021-02-20 14:18:35.3332 WARN session call OOT request 37 type Msg_HeartBeat_Ping
2021-02-20 14:18:45.3309 WARN session call OOT request 38 type Msg_HeartBeat_Ping
2021-02-20 14:18:55.3391 WARN session call OOT request 39 type Msg_HeartBeat_Ping
2021-02-20 14:19:05.3415 WARN session call OOT request 40 type Msg_HeartBeat_Ping
2021-02-20 14:31:33.3175 WARN app Gate 1001 1 start registe to Global 1001 ...
2021-02-20 14:31:33.4337 WARN app Gate 1001 1 registed to Global 1001 success !
2021-02-20 14:31:33.4795 WARN app Gate 1001 1 start registe to Account 1001 ...
2021-02-20 14:31:33.5076 WARN app Gate 1001 1 registed to Account 1001 success !
2021-02-20 14:31:33.7585 WARN app Gate 1001 1 start registe to Zone 1001 ...
2021-02-20 14:31:33.7873 WARN app Gate 1001 1 registed to Zone 1001 success !
2021-02-20 14:31:33.9904 WARN app Gate 1001 1 start registe to Manager 1001 ...
2021-02-20 14:31:34.0339 WARN app Gate 1001 1 registed to Manager 1001 success !
2021-02-20 15:02:34.4227 WARN session call OOT request 180 type Msg_HeartBeat_Ping
2021-02-20 15:02:34.6392 WARN session call OOT request 180 type Msg_HeartBeat_Ping
2021-02-20 15:07:12.9667 WARN app Gate 1001 1 start registe to Global 1001 ...
2021-02-20 15:07:13.2124 WARN app Gate 1001 1 registed to Global 1001 success !
2021-02-20 15:07:13.2178 WARN app Gate 1001 1 start registe to Account 1001 ...
2021-02-20 15:07:13.2719 WARN app Gate 1001 1 registed to Account 1001 success !
2021-02-20 15:07:13.3595 WARN app Gate 1001 1 start registe to Zone 1001 ...
2021-02-20 15:07:13.3921 WARN app Gate 1001 1 registed to Zone 1001 success !
2021-02-20 15:07:13.6064 WARN app Gate 1001 1 start registe to Manager 1001 ...
2021-02-20 15:07:13.6455 WARN app Gate 1001 1 registed to Manager 1001 success !
2021-02-20 15:11:10.0797 WARN app Gate 1001 1 start registe to Global 1001 ...
2021-02-20 15:11:10.1782 WARN app Gate 1001 1 registed to Global 1001 success !
2021-02-20 15:11:10.1866 WARN app Gate 1001 1 start registe to Account 1001 ...
2021-02-20 15:11:10.2064 WARN app Gate 1001 1 registed to Account 1001 success !
2021-02-20 15:11:10.3498 WARN app Gate 1001 1 start registe to Zone 1001 ...
2021-02-20 15:11:10.3799 WARN app Gate 1001 1 registed to Zone 1001 success !
2021-02-20 15:11:10.6008 WARN app Gate 1001 1 start registe to Manager 1001 ...
2021-02-20 15:11:10.6605 WARN app Gate 1001 1 registed to Manager 1001 success !
2021-02-20 15:40:16.0933 WARN app Gate 1001 1 start registe to Global 1001 ...
2021-02-20 15:40:16.2016 WARN app Gate 1001 1 registed to Global 1001 success !
2021-02-20 15:40:16.2354 WARN app Gate 1001 1 start registe to Account 1001 ...
2021-02-20 15:40:16.2354 WARN app Gate 1001 1 start registe to Zone 1001 ...
2021-02-20 15:40:16.2641 WARN app Gate 1001 1 registed to Account 1001 success !
2021-02-20 15:40:16.2641 WARN app Gate 1001 1 registed to Zone 1001 success !
2021-02-20 15:40:16.6869 WARN app Gate 1001 1 start registe to Manager 1001 ...
2021-02-20 15:40:16.7484 WARN app Gate 1001 1 registed to Manager 1001 success !
2021-02-20 16:05:04.6902 WARN app Gate 1001 1 start registe to Global 1001 ...
2021-02-20 16:05:04.7656 WARN app Gate 1001 1 registed to Global 1001 success !
2021-02-20 16:05:04.9019 WARN app Gate 1001 1 start registe to Account 1001 ...
2021-02-20 16:05:04.9491 WARN app Gate 1001 1 registed to Account 1001 success !
2021-02-20 16:05:05.0388 WARN app Gate 1001 1 start registe to Zone 1001 ...
2021-02-20 16:05:05.0694 WARN app Gate 1001 1 registed to Zone 1001 success !
2021-02-20 16:05:05.2587 WARN app Gate 1001 1 start registe to Manager 1001 ...
2021-02-20 16:05:05.3030 WARN app Gate 1001 1 registed to Manager 1001 success !
2021-02-20 16:12:09.8679 WARN app Gate 1001 1 start registe to Global 1001 ...
2021-02-20 16:12:10.0801 WARN app Gate 1001 1 registed to Global 1001 success !
2021-02-20 16:12:10.2243 WARN app Gate 1001 1 start registe to Account 1001 ...
2021-02-20 16:12:10.4255 WARN app Gate 1001 1 registed to Account 1001 success !
2021-02-20 16:12:10.5703 WARN app Gate 1001 1 start registe to Zone 1001 ...
2021-02-20 16:12:10.6043 WARN app Gate 1001 1 registed to Zone 1001 success !
2021-02-20 16:12:10.8049 WARN app Gate 1001 1 start registe to Manager 1001 ...
2021-02-20 16:12:10.8358 WARN app Gate 1001 1 registed to Manager 1001 success !
2021-02-20 16:16:32.7640 WARN app Gate 1001 1 start registe to Global 1001 ...
2021-02-20 16:16:32.9458 WARN app Gate 1001 1 registed to Global 1001 success !
2021-02-20 16:16:32.9931 WARN app Gate 1001 1 start registe to Account 1001 ...
2021-02-20 16:16:33.0617 WARN app Gate 1001 1 registed to Account 1001 success !
2021-02-20 16:16:33.2371 WARN app Gate 1001 1 start registe to Zone 1001 ...
2021-02-20 16:16:33.2737 WARN app Gate 1001 1 registed to Zone 1001 success !
2021-02-20 16:16:33.3995 WARN app Gate 1001 1 start registe to Manager 1001 ...
2021-02-20 16:16:33.4460 WARN app Gate 1001 1 registed to Manager 1001 success !
2021-02-20 16:21:15.4515 WARN session call OOT request 29 type Msg_HeartBeat_Ping
2021-02-20 16:21:28.1147 WARN session call OOT request 30 type Msg_HeartBeat_Ping
2021-02-20 16:21:28.1147 WARN session call OOT request 30 type Msg_HeartBeat_Ping
2021-02-20 16:21:28.1147 WARN session call OOT request 30 type Msg_HeartBeat_Ping
2021-02-20 16:22:02.6535 WARN session call OOT request 33 type Msg_HeartBeat_Ping
2021-02-20 16:29:26.3032 WARN app Gate 1001 1 start registe to Global 1001 ...
2021-02-20 16:29:26.6086 WARN app Gate 1001 1 registed to Global 1001 success !
2021-02-20 16:29:26.7384 WARN app Gate 1001 1 start registe to Zone 1001 ...
2021-02-20 16:29:26.7384 WARN app Gate 1001 1 start registe to Account 1001 ...
2021-02-20 16:29:26.7657 WARN app Gate 1001 1 registed to Zone 1001 success !
2021-02-20 16:29:26.7657 WARN app Gate 1001 1 registed to Account 1001 success !
2021-02-20 16:29:27.1720 WARN app Gate 1001 1 start registe to Manager 1001 ...
2021-02-20 16:29:27.2280 WARN app Gate 1001 1 registed to Manager 1001 success !
2021-02-20 16:30:09.8993 WARN session call OOT request 2 type Msg_HeartBeat_Ping
2021-02-20 16:30:22.9683 WARN session call OOT request 4 type Msg_HeartBeat_Ping
2021-02-20 16:30:22.9683 WARN session call OOT request 3 type Msg_HeartBeat_Ping
2021-02-20 16:30:22.9683 WARN session call OOT request 3 type Msg_HeartBeat_Ping
2021-02-20 16:30:22.9683 WARN session call OOT request 3 type Msg_HeartBeat_Ping
2021-02-20 17:37:22.9110 WARN app Gate 1001 1 start registe to Global 1001 ...
2021-02-20 17:37:23.0869 WARN app Gate 1001 1 registed to Global 1001 success !
2021-02-20 17:37:23.1477 WARN app Gate 1001 1 start registe to Account 1001 ...
2021-02-20 17:37:23.1844 WARN app Gate 1001 1 registed to Account 1001 success !
2021-02-20 17:37:23.2303 WARN app Gate 1001 1 start registe to Zone 1001 ...
2021-02-20 17:37:23.2626 WARN app Gate 1001 1 registed to Zone 1001 success !
2021-02-20 17:37:23.4232 WARN app Gate 1001 1 start registe to Manager 1001 ...
2021-02-20 17:37:23.4680 WARN app Gate 1001 1 registed to Manager 1001 success !
2021-02-20 17:43:28.3124 WARN session call OOT request 18 type Msg_HeartBeat_Ping
2021-02-20 17:43:28.3124 WARN session call OOT request 18 type Msg_HeartBeat_Ping
2021-02-20 17:43:28.3124 WARN session call OOT request 18 type Msg_HeartBeat_Ping
2021-02-20 17:43:28.3124 WARN session call OOT request 18 type Msg_HeartBeat_Ping
2021-02-20 17:43:37.6518 WARN session call OOT request 19 type Msg_HeartBeat_Ping
2021-02-20 17:43:37.6536 WARN session call OOT request 19 type Msg_HeartBeat_Ping
2021-02-20 17:43:37.6536 WARN session call OOT request 19 type Msg_HeartBeat_Ping
2021-02-20 17:43:37.6536 WARN session call OOT request 19 type Msg_HeartBeat_Ping
2021-02-20 17:51:51.3074 WARN session call OOT request 65 type Msg_HeartBeat_Ping
2021-02-20 17:51:51.3074 WARN session call OOT request 65 type Msg_HeartBeat_Ping
2021-02-20 17:54:31.4952 WARN session call OOT request 81 type Msg_HeartBeat_Ping
2021-02-20 17:54:31.4952 WARN session call OOT request 81 type Msg_HeartBeat_Ping
2021-02-20 17:55:29.4558 WARN app Gate 1001 1 start registe to Global 1001 ...
2021-02-20 17:55:29.5457 WARN app Gate 1001 1 registed to Global 1001 success !
2021-02-20 17:55:29.8061 WARN app Gate 1001 1 start registe to Account 1001 ...
2021-02-20 17:55:29.8439 WARN app Gate 1001 1 registed to Account 1001 success !
2021-02-20 17:55:30.0914 WARN app Gate 1001 1 start registe to Manager 1001 ...
2021-02-20 17:55:30.1369 WARN app Gate 1001 1 start registe to Zone 1001 ...
2021-02-20 17:55:30.1369 WARN app Gate 1001 1 registed to Manager 1001 success !
2021-02-20 17:55:30.1727 WARN app Gate 1001 1 registed to Zone 1001 success !
