2021-02-20 10:45:57.0138 ERROR SocketError ConnectionReset Giant.Net.Session.OnError(Session.cs:223)
2021-02-20 10:45:57.2092 ERROR SocketError ConnectionReset Giant.Net.Session.OnError(Session.cs:223)
2021-02-20 10:56:28.1738 ERROR SocketError ConnectionReset Giant.Net.Session.OnError(Session.cs:223)
2021-02-20 10:56:28.4108 ERROR SocketError ConnectionReset Giant.Net.Session.OnError(Session.cs:223)
2021-02-20 11:25:51.7748 ERROR System.Security.Cryptography.CryptographicException: Padding is invalid and cannot be removed.
   at Internal.Cryptography.UniversalCryptoDecryptor.GetPaddingLength(ReadOnlySpan`1 block)
   at Internal.Cryptography.UniversalCryptoDecryptor.UncheckedTransformFinalBlock(ReadOnlySpan`1 inputBuffer, Span`1 outputBuffer)
   at Internal.Cryptography.UniversalCryptoDecryptor.UncheckedTransformFinalBlock(Byte[] inputBuffer, Int32 inputOffset, Int32 inputCount)
   at Internal.Cryptography.UniversalCryptoTransform.TransformFinalBlock(Byte[] inputBuffer, Int32 inputOffset, Int32 inputCount)
   at Giant.Util.AESHelper.Dencrypt(Byte[] encryptKey, Byte[] content, CipherMode mode) in D:\wg\Giant\Server\Giant.Util\Encrypt\AESHelper.cs:line 84
   at Giant.Util.AESCrypt.Decrypt(Byte[] content) in D:\wg\Giant\Server\Giant.Util\Encrypt\AESCrypt.cs:line 38
   at Giant.Net.Session.OnRead(MemoryStream memoryStream) in D:\wg\Giant\Server\Giant.Net\Session.cs:line 197
   at Giant.Net.BaseChannel.OnRead(MemoryStream memoryStream) in D:\wg\Giant\Server\Giant.Net\Base\BaseChannel.cs:line 88
   at Giant.Net.TcpChannel.ReceiveComplete(Object eventArgs) in D:\wg\Giant\Server\Giant.Net\Network\Tcp\TcpChannel.cs:line 310 Giant.Net.Session.OnError(Session.cs:226)
2021-02-20 11:32:52.8023 ERROR SocketError ConnectionReset Giant.Net.Session.OnError(Session.cs:223)
2021-02-20 13:37:46.4725 ERROR SocketError OperationAborted Giant.Net.Session.OnError(Session.cs:223)
2021-02-20 13:37:47.5702 ERROR SocketError OperationAborted Giant.Net.Session.OnError(Session.cs:223)
2021-02-20 13:39:08.6503 ERROR SocketError ConnectionReset Giant.Net.Session.OnError(Session.cs:223)
2021-02-20 13:39:08.6511 ERROR SocketError ConnectionReset Giant.Net.Session.OnError(Session.cs:223)
2021-02-20 13:39:08.9019 ERROR SocketError ConnectionReset Giant.Net.Session.OnError(Session.cs:223)
2021-02-20 13:39:08.9026 ERROR SocketError ConnectionReset Giant.Net.Session.OnError(Session.cs:223)
2021-02-20 13:39:09.0978 ERROR SocketError ConnectionReset Giant.Net.Session.OnError(Session.cs:223)
2021-02-20 14:05:19.1915 ERROR ErrorCode 102008 Giant.Net.Session.OnError(Session.cs:220)
2021-02-20 14:06:58.5217 ERROR ErrorCode 102008 Giant.Net.Session.OnError(Session.cs:220)
2021-02-20 14:08:46.1140 ERROR ErrorCode 102008 Giant.Net.Session.OnError(Session.cs:220)
2021-02-20 14:09:41.8754 ERROR ErrorCode 102008 Giant.Net.Session.OnError(Session.cs:220)
2021-02-20 14:12:06.4040 ERROR SocketError ConnectionReset Giant.Net.Session.OnError(Session.cs:223)
2021-02-20 14:12:06.5740 ERROR SocketError ConnectionReset Giant.Net.Session.OnError(Session.cs:223)
2021-02-20 14:12:06.7319 ERROR SocketError ConnectionReset Giant.Net.Session.OnError(Session.cs:223)
2021-02-20 14:17:21.2448 ERROR ErrorCode 102008 Giant.Net.Session.OnError(Session.cs:220)
2021-02-20 14:23:10.3144 ERROR SocketError ConnectionReset Giant.Net.Session.OnError(Session.cs:223)
2021-02-20 14:25:15.4229 ERROR ErrorCode 102008 Giant.Net.Session.OnError(Session.cs:220)
2021-02-20 14:27:05.2448 ERROR SocketError ConnectionReset Giant.Net.Session.OnError(Session.cs:223)
2021-02-20 14:27:05.4779 ERROR SocketError ConnectionReset Giant.Net.Session.OnError(Session.cs:223)
2021-02-20 14:27:05.6969 ERROR SocketError ConnectionReset Giant.Net.Session.OnError(Session.cs:223)
2021-02-20 14:34:55.3895 ERROR ErrorCode 102008 Giant.Net.Session.OnError(Session.cs:220)
2021-02-20 14:42:57.0912 ERROR SocketError ConnectionReset Giant.Net.Session.OnError(Session.cs:223)
2021-02-20 15:06:15.7120 ERROR SocketError ConnectionReset Giant.Net.Session.OnError(Session.cs:223)
2021-02-20 15:06:15.9854 ERROR SocketError ConnectionReset Giant.Net.Session.OnError(Session.cs:223)
2021-02-20 15:06:16.1991 ERROR SocketError ConnectionReset Giant.Net.Session.OnError(Session.cs:223)
2021-02-20 15:09:16.1860 ERROR SocketError ConnectionReset Giant.Net.Session.OnError(Session.cs:223)
2021-02-20 15:10:48.0960 ERROR SocketError ConnectionReset Giant.Net.Session.OnError(Session.cs:223)
2021-02-20 15:10:48.2437 ERROR SocketError ConnectionReset Giant.Net.Session.OnError(Session.cs:223)
2021-02-20 15:10:48.4339 ERROR SocketError ConnectionReset Giant.Net.Session.OnError(Session.cs:223)
2021-02-20 15:15:22.6013 ERROR SocketError ConnectionReset Giant.Net.Session.OnError(Session.cs:223)
2021-02-20 15:16:59.7225 ERROR ErrorCode 102008 Giant.Net.Session.OnError(Session.cs:220)
2021-02-20 15:39:25.4197 ERROR SocketError ConnectionReset Giant.Net.Session.OnError(Session.cs:223)
2021-02-20 15:39:25.7258 ERROR SocketError ConnectionReset Giant.Net.Session.OnError(Session.cs:223)
2021-02-20 15:39:25.9768 ERROR SocketError ConnectionReset Giant.Net.Session.OnError(Session.cs:223)
2021-02-20 15:42:36.6761 ERROR SocketError ConnectionReset Giant.Net.Session.OnError(Session.cs:223)
2021-02-20 15:43:37.5915 ERROR SocketError ConnectionReset Giant.Net.Session.OnError(Session.cs:223)
2021-02-20 15:45:28.2598 ERROR SocketError ConnectionReset Giant.Net.Session.OnError(Session.cs:223)
2021-02-20 16:04:35.9956 ERROR SocketError ConnectionReset Giant.Net.Session.OnError(Session.cs:223)
2021-02-20 16:04:36.3106 ERROR SocketError ConnectionReset Giant.Net.Session.OnError(Session.cs:223)
2021-02-20 16:04:36.5005 ERROR SocketError ConnectionReset Giant.Net.Session.OnError(Session.cs:223)
2021-02-20 16:08:16.1827 ERROR SocketError ConnectionReset Giant.Net.Session.OnError(Session.cs:223)
2021-02-20 16:10:34.1587 ERROR SocketError ConnectionReset Giant.Net.Session.OnError(Session.cs:223)
2021-02-20 16:11:51.7421 ERROR SocketError ConnectionReset Giant.Net.Session.OnError(Session.cs:223)
2021-02-20 16:11:51.9587 ERROR SocketError ConnectionReset Giant.Net.Session.OnError(Session.cs:223)
2021-02-20 16:11:52.1485 ERROR SocketError ConnectionReset Giant.Net.Session.OnError(Session.cs:223)
2021-02-20 16:13:29.7220 ERROR ErrorCode 102008 Giant.Net.Session.OnError(Session.cs:220)
2021-02-20 16:15:51.5244 ERROR SocketError ConnectionReset Giant.Net.Session.OnError(Session.cs:223)
2021-02-20 16:15:51.7746 ERROR SocketError ConnectionReset Giant.Net.Session.OnError(Session.cs:223)
2021-02-20 16:15:51.9472 ERROR SocketError ConnectionReset Giant.Net.Session.OnError(Session.cs:223)
2021-02-20 16:17:18.8291 ERROR Google.Protobuf.InvalidProtocolBufferException: Merge an unknown field of end-group tag, indicating that the corresponding start-group was missing.
   at Google.Protobuf.UnknownFieldSet.MergeFieldFrom(UnknownFieldSet unknownFields, ParseContext& ctx)
   at Google.Protobuf.UnknownFieldSet.MergeFieldFrom(UnknownFieldSet unknownFields, CodedInputStream input)
   at Giant.Msg.Msg_CG_GetCharacter.MergeFrom(CodedInputStream input) in D:\wg\Giant\Server\Giant.Msg\OuterMessage.cs:line 1462
   at Google.Protobuf.MessageExtensions.MergeFrom(IMessage message, Stream input, Boolean discardUnknownFields, ExtensionRegistry registry)
   at Google.Protobuf.MessageExtensions.MergeFrom(IMessage message, Stream input)
   at Giant.Net.ProtoHelper.FromStream(MemoryStream stream, Type type) in D:\wg\Giant\Server\Giant.Net\Helper\ProtoHelper.cs:line 32
   at Giant.Net.ProtoPacker.DeserializeFrom(MemoryStream stream, Type type) in D:\wg\Giant\Server\Giant.Net\Packer\ProtoPacker.cs:line 31
   at Giant.Net.Session.OnRead(MemoryStream memoryStream) in D:\wg\Giant\Server\Giant.Net\Session.cs:line 193
   at Giant.Net.BaseChannel.OnRead(MemoryStream memoryStream) in D:\wg\Giant\Server\Giant.Net\Base\BaseChannel.cs:line 88
   at Giant.Net.TcpChannel.ReceiveComplete(Object eventArgs) in D:\wg\Giant\Server\Giant.Net\Network\Tcp\TcpChannel.cs:line 310 Giant.Net.Session.OnError(Session.cs:226)
2021-02-20 16:20:21.3207 ERROR Google.Protobuf.InvalidProtocolBufferException: Protocol message contained a tag with an invalid wire type.
   at Google.Protobuf.UnknownFieldSet.MergeFieldFrom(ParseContext& ctx)
   at Google.Protobuf.UnknownFieldSet.MergeFieldFrom(UnknownFieldSet unknownFields, ParseContext& ctx)
   at Google.Protobuf.UnknownFieldSet.MergeFieldFrom(UnknownFieldSet unknownFields, CodedInputStream input)
   at Giant.Msg.Msg_CG_GetCharacter.MergeFrom(CodedInputStream input) in D:\wg\Giant\Server\Giant.Msg\OuterMessage.cs:line 1462
   at Google.Protobuf.MessageExtensions.MergeFrom(IMessage message, Stream input, Boolean discardUnknownFields, ExtensionRegistry registry)
   at Giant.Net.ProtoHelper.FromStream(MemoryStream stream, Type type) in D:\wg\Giant\Server\Giant.Net\Helper\ProtoHelper.cs:line 32
   at Giant.Net.ProtoPacker.DeserializeFrom(MemoryStream stream, Type type) in D:\wg\Giant\Server\Giant.Net\Packer\ProtoPacker.cs:line 31
   at Giant.Net.Session.OnRead(MemoryStream memoryStream) in D:\wg\Giant\Server\Giant.Net\Session.cs:line 193
   at Giant.Net.BaseChannel.OnRead(MemoryStream memoryStream) in D:\wg\Giant\Server\Giant.Net\Base\BaseChannel.cs:line 88
   at Giant.Net.TcpChannel.ReceiveComplete(Object eventArgs) in D:\wg\Giant\Server\Giant.Net\Network\Tcp\TcpChannel.cs:line 310 Giant.Net.Session.OnError(Session.cs:226)
2021-02-20 16:21:31.9482 ERROR Google.Protobuf.InvalidProtocolBufferException: Protocol message contained a tag with an invalid wire type.
   at Google.Protobuf.UnknownFieldSet.MergeFieldFrom(ParseContext& ctx)
   at Google.Protobuf.UnknownFieldSet.MergeFieldFrom(UnknownFieldSet unknownFields, ParseContext& ctx)
   at Google.Protobuf.UnknownFieldSet.MergeFieldFrom(UnknownFieldSet unknownFields, CodedInputStream input)
   at Giant.Msg.Msg_CG_GetCharacter.MergeFrom(CodedInputStream input) in D:\wg\Giant\Server\Giant.Msg\OuterMessage.cs:line 1462
   at Google.Protobuf.MessageExtensions.MergeFrom(IMessage message, Stream input, Boolean discardUnknownFields, ExtensionRegistry registry)
   at Giant.Net.ProtoHelper.FromStream(MemoryStream stream, Type type) in D:\wg\Giant\Server\Giant.Net\Helper\ProtoHelper.cs:line 32
   at Giant.Net.ProtoPacker.DeserializeFrom(MemoryStream stream, Type type) in D:\wg\Giant\Server\Giant.Net\Packer\ProtoPacker.cs:line 31
   at Giant.Net.Session.OnRead(MemoryStream memoryStream) in D:\wg\Giant\Server\Giant.Net\Session.cs:line 193
   at Giant.Net.BaseChannel.OnRead(MemoryStream memoryStream) in D:\wg\Giant\Server\Giant.Net\Base\BaseChannel.cs:line 88
   at Giant.Net.TcpChannel.ReceiveComplete(Object eventArgs) in D:\wg\Giant\Server\Giant.Net\Network\Tcp\TcpChannel.cs:line 310 Giant.Net.Session.OnError(Session.cs:226)
2021-02-20 16:23:33.1815 ERROR Google.Protobuf.InvalidProtocolBufferException: While parsing a protocol message, the input ended unexpectedly in the middle of a field.  This could mean either that the input has been truncated or that an embedded message misreported its own length.
   at Google.Protobuf.SegmentedBufferHelper.RefillFromCodedInputStream(ReadOnlySpan`1& buffer, ParserInternalState& state, Boolean mustSucceed)
   at Google.Protobuf.ParsingPrimitives.ReadRawByte(ReadOnlySpan`1& buffer, ParserInternalState& state)
   at Google.Protobuf.ParsingPrimitives.ParseRawLittleEndian64SlowPath(ReadOnlySpan`1& buffer, ParserInternalState& state)
   at Google.Protobuf.ParsingPrimitives.ParseRawLittleEndian64(ReadOnlySpan`1& buffer, ParserInternalState& state)
   at Google.Protobuf.UnknownFieldSet.MergeFieldFrom(ParseContext& ctx)
   at Google.Protobuf.UnknownFieldSet.MergeFieldFrom(UnknownFieldSet unknownFields, ParseContext& ctx)
   at Google.Protobuf.UnknownFieldSet.MergeFieldFrom(UnknownFieldSet unknownFields, CodedInputStream input)
   at Giant.Msg.Msg_CG_GetCharacter.MergeFrom(CodedInputStream input) in D:\wg\Giant\Server\Giant.Msg\OuterMessage.cs:line 1462
   at Google.Protobuf.MessageExtensions.MergeFrom(IMessage message, Stream input, Boolean discardUnknownFields, ExtensionRegistry registry)
   at Giant.Net.ProtoHelper.FromStream(MemoryStream stream, Type type) in D:\wg\Giant\Server\Giant.Net\Helper\ProtoHelper.cs:line 32
   at Giant.Net.ProtoPacker.DeserializeFrom(MemoryStream stream, Type type) in D:\wg\Giant\Server\Giant.Net\Packer\ProtoPacker.cs:line 31
   at Giant.Net.Session.OnRead(MemoryStream memoryStream) in D:\wg\Giant\Server\Giant.Net\Session.cs:line 193
   at Giant.Net.BaseChannel.OnRead(MemoryStream memoryStream) in D:\wg\Giant\Server\Giant.Net\Base\BaseChannel.cs:line 88
   at Giant.Net.TcpChannel.ReceiveComplete(Object eventArgs) in D:\wg\Giant\Server\Giant.Net\Network\Tcp\TcpChannel.cs:line 310 Giant.Net.Session.OnError(Session.cs:226)
2021-02-20 16:30:27.5317 ERROR ErrorCode 102008 Giant.Net.Session.OnError(Session.cs:220)
2021-02-20 16:30:51.6477 ERROR ErrorCode 102008 Giant.Net.Session.OnError(Session.cs:220)
2021-02-20 17:42:02.4942 ERROR System.Security.Cryptography.CryptographicException: Padding is invalid and cannot be removed.
   at Internal.Cryptography.UniversalCryptoDecryptor.GetPaddingLength(ReadOnlySpan`1 block)
   at Internal.Cryptography.UniversalCryptoDecryptor.UncheckedTransformFinalBlock(ReadOnlySpan`1 inputBuffer, Span`1 outputBuffer)
   at Internal.Cryptography.UniversalCryptoDecryptor.UncheckedTransformFinalBlock(Byte[] inputBuffer, Int32 inputOffset, Int32 inputCount)
   at Internal.Cryptography.UniversalCryptoTransform.TransformFinalBlock(Byte[] inputBuffer, Int32 inputOffset, Int32 inputCount)
   at Giant.Util.AESHelper.Dencrypt(Byte[] encryptKey, Byte[] content, CipherMode mode) in D:\wg\Giant\Server\Giant.Util\Encrypt\AESHelper.cs:line 84
   at Giant.Util.AESCrypt.Decrypt(Byte[] content) in D:\wg\Giant\Server\Giant.Util\Encrypt\AESCrypt.cs:line 43
   at Giant.Net.Session.OnRead(MemoryStream memoryStream) in D:\wg\Giant\Server\Giant.Net\Session.cs:line 197
   at Giant.Net.BaseChannel.OnRead(MemoryStream memoryStream) in D:\wg\Giant\Server\Giant.Net\Base\BaseChannel.cs:line 88
   at Giant.Net.TcpChannel.ReceiveComplete(Object eventArgs) in D:\wg\Giant\Server\Giant.Net\Network\Tcp\TcpChannel.cs:line 310 Giant.Net.Session.OnError(Session.cs:226)
2021-02-20 17:44:49.8818 ERROR System.Security.Cryptography.CryptographicException: Padding is invalid and cannot be removed.
   at Internal.Cryptography.UniversalCryptoDecryptor.GetPaddingLength(ReadOnlySpan`1 block)
   at Internal.Cryptography.UniversalCryptoDecryptor.UncheckedTransformFinalBlock(ReadOnlySpan`1 inputBuffer, Span`1 outputBuffer)
   at Internal.Cryptography.UniversalCryptoDecryptor.UncheckedTransformFinalBlock(Byte[] inputBuffer, Int32 inputOffset, Int32 inputCount)
   at Internal.Cryptography.UniversalCryptoTransform.TransformFinalBlock(Byte[] inputBuffer, Int32 inputOffset, Int32 inputCount)
   at Giant.Util.AESHelper.Dencrypt(Byte[] encryptKey, Byte[] content, CipherMode mode) in D:\wg\Giant\Server\Giant.Util\Encrypt\AESHelper.cs:line 84
   at Giant.Util.AESCrypt.Decrypt(Byte[] content) in D:\wg\Giant\Server\Giant.Util\Encrypt\AESCrypt.cs:line 43
   at Giant.Net.Session.OnRead(MemoryStream memoryStream) in D:\wg\Giant\Server\Giant.Net\Session.cs:line 197
   at Giant.Net.BaseChannel.OnRead(MemoryStream memoryStream) in D:\wg\Giant\Server\Giant.Net\Base\BaseChannel.cs:line 88
   at Giant.Net.TcpChannel.ReceiveComplete(Object eventArgs) in D:\wg\Giant\Server\Giant.Net\Network\Tcp\TcpChannel.cs:line 310 Giant.Net.Session.OnError(Session.cs:226)
2021-02-20 17:54:49.9148 ERROR SocketError ConnectionReset Giant.Net.Session.OnError(Session.cs:223)
2021-02-20 17:54:50.1454 ERROR SocketError ConnectionReset Giant.Net.Session.OnError(Session.cs:223)
2021-02-20 17:54:50.3120 ERROR SocketError ConnectionReset Giant.Net.Session.OnError(Session.cs:223)
2021-02-20 17:58:54.1589 ERROR SocketError ConnectionReset Giant.Net.Session.OnError(Session.cs:226)
2021-02-20 18:00:11.3625 ERROR SocketError ConnectionReset Giant.Net.Session.OnError(Session.cs:226)
2021-02-20 18:00:11.5044 ERROR SocketError ConnectionReset Giant.Net.Session.OnError(Session.cs:226)
2021-02-20 18:00:11.6885 ERROR SocketError ConnectionReset Giant.Net.Session.OnError(Session.cs:226)
