2021-02-20 10:45:05.7218 WARN regist service from appType Gate appId 1001
2021-02-20 10:45:05.9280 WARN regist service from appType Account appId 1001
2021-02-20 10:45:06.4249 WARN regist service from appType Relation appId 1001
2021-02-20 10:45:06.7630 WARN regist service from appType Zone appId 1001
2021-02-20 10:54:21.2822 WARN regist service from appType Gate appId 1001
2021-02-20 10:54:21.3495 WARN regist service from appType Account appId 1001
2021-02-20 10:54:21.5209 WARN regist service from appType Relation appId 1001
2021-02-20 10:54:21.5974 WARN regist service from appType Zone appId 1001
2021-02-20 11:17:47.9084 WARN regist service from appType Gate appId 1001
2021-02-20 11:17:48.1035 WARN regist service from appType Account appId 1001
2021-02-20 11:17:48.2368 WARN regist service from appType Zone appId 1001
2021-02-20 11:17:48.2520 WARN regist service from appType Relation appId 1001
2021-02-20 11:17:48.3919 WARN regist service from appType Manager appId 1001
2021-02-20 13:37:43.8395 WARN regist service from appType Account appId 1001
2021-02-20 13:37:44.4336 WARN regist service from appType Gate appId 1001
2021-02-20 13:37:45.9199 WARN regist service from appType Gate appId 1001
2021-02-20 13:37:45.9859 WARN regist service from appType Account appId 1001
2021-02-20 13:37:45.9859 WARN regist service from appType Relation appId 1001
2021-02-20 13:37:46.0072 WARN regist service from appType Manager appId 1001
2021-02-20 13:37:46.3051 WARN regist service from appType Relation appId 1001
2021-02-20 13:37:46.3680 WARN regist service from appType Zone appId 1001
2021-02-20 13:37:46.4310 WARN regist service from appType Zone appId 1001
2021-02-20 13:37:46.8562 WARN regist service from appType Manager appId 1001
2021-02-20 14:03:59.7428 WARN regist service from appType Gate appId 1001
2021-02-20 14:03:59.7609 WARN regist service from appType Account appId 1001
2021-02-20 14:04:00.0406 WARN regist service from appType Relation appId 1001
2021-02-20 14:04:00.1548 WARN regist service from appType Zone appId 1001
2021-02-20 14:04:00.2337 WARN regist service from appType Manager appId 1001
2021-02-20 14:12:33.9813 WARN regist service from appType Gate appId 1001
2021-02-20 14:12:34.0178 WARN regist service from appType Account appId 1001
2021-02-20 14:12:34.2313 WARN regist service from appType Zone appId 1001
2021-02-20 14:12:34.2928 WARN regist service from appType Relation appId 1001
2021-02-20 14:12:34.4185 WARN regist service from appType Manager appId 1001
2021-02-20 14:31:33.4047 WARN regist service from appType Gate appId 1001
2021-02-20 14:31:33.4213 WARN regist service from appType Account appId 1001
2021-02-20 14:31:33.6291 WARN regist service from appType Relation appId 1001
2021-02-20 14:31:33.7071 WARN regist service from appType Zone appId 1001
2021-02-20 14:31:33.9721 WARN regist service from appType Manager appId 1001
2021-02-20 15:07:13.0900 WARN regist service from appType Gate appId 1001
2021-02-20 15:07:13.1964 WARN regist service from appType Account appId 1001
2021-02-20 15:07:13.3444 WARN regist service from appType Zone appId 1001
2021-02-20 15:07:13.4054 WARN regist service from appType Relation appId 1001
2021-02-20 15:07:13.5784 WARN regist service from appType Manager appId 1001
2021-02-20 15:11:10.0243 WARN regist service from appType Account appId 1001
2021-02-20 15:11:10.0926 WARN regist service from appType Gate appId 1001
2021-02-20 15:11:10.3158 WARN regist service from appType Zone appId 1001
2021-02-20 15:11:10.3310 WARN regist service from appType Relation appId 1001
2021-02-20 15:11:10.5654 WARN regist service from appType Manager appId 1001
2021-02-20 15:40:16.0069 WARN regist service from appType Account appId 1001
2021-02-20 15:40:16.1726 WARN regist service from appType Gate appId 1001
2021-02-20 15:40:16.1824 WARN regist service from appType Relation appId 1001
2021-02-20 15:40:16.2027 WARN regist service from appType Zone appId 1001
2021-02-20 15:40:16.6662 WARN regist service from appType Manager appId 1001
2021-02-20 16:05:04.7369 WARN regist service from appType Gate appId 1001
2021-02-20 16:05:04.8834 WARN regist service from appType Account appId 1001
2021-02-20 16:05:04.9590 WARN regist service from appType Relation appId 1001
2021-02-20 16:05:05.0220 WARN regist service from appType Zone appId 1001
2021-02-20 16:05:05.2239 WARN regist service from appType Manager appId 1001
2021-02-20 16:12:10.0328 WARN regist service from appType Gate appId 1001
2021-02-20 16:12:10.1633 WARN regist service from appType Account appId 1001
2021-02-20 16:12:10.5394 WARN regist service from appType Relation appId 1001
2021-02-20 16:12:10.5498 WARN regist service from appType Zone appId 1001
2021-02-20 16:12:10.7734 WARN regist service from appType Manager appId 1001
2021-02-20 16:16:32.8530 WARN regist service from appType Gate appId 1001
2021-02-20 16:16:32.9505 WARN regist service from appType Account appId 1001
2021-02-20 16:16:33.1979 WARN regist service from appType Zone appId 1001
2021-02-20 16:16:33.2292 WARN regist service from appType Relation appId 1001
2021-02-20 16:16:33.3836 WARN regist service from appType Manager appId 1001
2021-02-20 16:29:26.3782 WARN regist service from appType Gate appId 1001
2021-02-20 16:29:26.6833 WARN regist service from appType Zone appId 1001
2021-02-20 16:29:26.6992 WARN regist service from appType Account appId 1001
2021-02-20 16:29:26.7092 WARN regist service from appType Relation appId 1001
2021-02-20 16:29:27.1478 WARN regist service from appType Manager appId 1001
2021-02-20 17:37:23.0402 WARN regist service from appType Gate appId 1001
2021-02-20 17:37:23.1074 WARN regist service from appType Account appId 1001
2021-02-20 17:37:23.2002 WARN regist service from appType Relation appId 1001
2021-02-20 17:37:23.2155 WARN regist service from appType Zone appId 1001
2021-02-20 17:37:23.4049 WARN regist service from appType Manager appId 1001
2021-02-20 17:55:29.5238 WARN regist service from appType Gate appId 1001
2021-02-20 17:55:29.5887 WARN regist service from appType Account appId 1001
2021-02-20 17:55:29.8132 WARN regist service from appType Relation appId 1001
2021-02-20 17:55:30.0616 WARN regist service from appType Manager appId 1001
2021-02-20 17:55:30.1096 WARN regist service from appType Zone appId 1001
