2021-02-20 11:16:38.1356 WARN 工具被强制关闭
2021-02-20 11:17:36.4671 WARN 工具被强制关闭
2021-02-20 11:17:48.3794 WARN app Manager 1001 1 start registe to Global 1001 ...
2021-02-20 11:17:48.4015 WARN app Manager 1001 1 registed to Global 1001 success !
2021-02-20 11:17:48.4261 WARN regist service from appType Gate appId 1001
2021-02-20 11:17:48.4386 WARN regist service from appType Zone appId 1001
2021-02-20 11:17:48.5151 WARN regist service from appType Relation appId 1001
2021-02-20 13:37:45.9959 WARN app Manager 1001 1 start registe to Global 1001 ...
2021-02-20 13:37:46.0318 WARN app Manager 1001 1 registed to Global 1001 success !
2021-02-20 13:37:46.3555 WARN regist service from appType Relation appId 1001
2021-02-20 13:37:46.4312 WARN regist service from appType Relation appId 1001
2021-02-20 13:37:46.4609 WARN regist service from appType Gate appId 1001
2021-02-20 13:37:46.4922 WARN regist service from appType Zone appId 1001
2021-02-20 13:37:46.5323 WARN regist service from appType Zone appId 1001
2021-02-20 13:37:46.8460 WARN app Manager 1001 1 start registe to Global 1001 ...
2021-02-20 13:37:46.8686 WARN app Manager 1001 1 registed to Global 1001 success !
2021-02-20 13:37:46.9660 WARN regist service from appType Relation appId 1001
2021-02-20 13:37:46.9660 WARN regist service from appType Zone appId 1001
2021-02-20 13:37:47.5916 WARN regist service from appType Gate appId 1001
2021-02-20 14:04:00.2206 WARN app Manager 1001 1 start registe to Global 1001 ...
2021-02-20 14:04:00.2497 WARN app Manager 1001 1 registed to Global 1001 success !
2021-02-20 14:04:00.2497 WARN regist service from appType Gate appId 1001
2021-02-20 14:04:00.2681 WARN regist service from appType Relation appId 1001
2021-02-20 14:04:00.2822 WARN regist service from appType Zone appId 1001
2021-02-20 14:12:34.4058 WARN app Manager 1001 1 start registe to Global 1001 ...
2021-02-20 14:12:34.4288 WARN app Manager 1001 1 registed to Global 1001 success !
2021-02-20 14:12:34.4538 WARN regist service from appType Zone appId 1001
2021-02-20 14:12:34.4538 WARN regist service from appType Gate appId 1001
2021-02-20 14:12:34.4809 WARN regist service from appType Relation appId 1001
2021-02-20 14:31:33.9597 WARN app Manager 1001 1 start registe to Global 1001 ...
2021-02-20 14:31:33.9965 WARN app Manager 1001 1 registed to Global 1001 success !
2021-02-20 14:31:34.0230 WARN regist service from appType Gate appId 1001
2021-02-20 14:31:34.0230 WARN regist service from appType Relation appId 1001
2021-02-20 14:31:34.0230 WARN regist service from appType Zone appId 1001
2021-02-20 15:07:13.5661 WARN app Manager 1001 1 start registe to Global 1001 ...
2021-02-20 15:07:13.5877 WARN app Manager 1001 1 registed to Global 1001 success !
2021-02-20 15:07:13.6287 WARN regist service from appType Gate appId 1001
2021-02-20 15:07:13.6287 WARN regist service from appType Zone appId 1001
2021-02-20 15:07:13.6287 WARN regist service from appType Relation appId 1001
2021-02-20 15:11:10.5383 WARN app Manager 1001 1 start registe to Global 1001 ...
2021-02-20 15:11:10.5958 WARN app Manager 1001 1 registed to Global 1001 success !
2021-02-20 15:11:10.6077 WARN regist service from appType Relation appId 1001
2021-02-20 15:11:10.6275 WARN regist service from appType Zone appId 1001
2021-02-20 15:11:10.6435 WARN regist service from appType Gate appId 1001
2021-02-20 15:40:16.6549 WARN app Manager 1001 1 start registe to Global 1001 ...
2021-02-20 15:40:16.6887 WARN app Manager 1001 1 registed to Global 1001 success !
2021-02-20 15:40:16.6985 WARN regist service from appType Relation appId 1001
2021-02-20 15:40:16.7133 WARN regist service from appType Zone appId 1001
2021-02-20 15:40:16.7292 WARN regist service from appType Gate appId 1001
2021-02-20 16:05:05.2138 WARN app Manager 1001 1 start registe to Global 1001 ...
2021-02-20 16:05:05.2719 WARN app Manager 1001 1 registed to Global 1001 success !
2021-02-20 16:05:05.2719 WARN regist service from appType Relation appId 1001
2021-02-20 16:05:05.2876 WARN regist service from appType Gate appId 1001
2021-02-20 16:05:05.3029 WARN regist service from appType Zone appId 1001
2021-02-20 16:12:10.7608 WARN app Manager 1001 1 start registe to Global 1001 ...
2021-02-20 16:12:10.7974 WARN app Manager 1001 1 registed to Global 1001 success !
2021-02-20 16:12:10.8235 WARN regist service from appType Zone appId 1001
2021-02-20 16:12:10.8270 WARN regist service from appType Relation appId 1001
2021-02-20 16:12:10.8270 WARN regist service from appType Gate appId 1001
2021-02-20 16:16:33.3726 WARN app Manager 1001 1 start registe to Global 1001 ...
2021-02-20 16:16:33.3976 WARN app Manager 1001 1 registed to Global 1001 success !
2021-02-20 16:16:33.4135 WARN regist service from appType Zone appId 1001
2021-02-20 16:16:33.4308 WARN regist service from appType Gate appId 1001
2021-02-20 16:16:33.4308 WARN regist service from appType Relation appId 1001
2021-02-20 16:29:27.1355 WARN app Manager 1001 1 start registe to Global 1001 ...
2021-02-20 16:29:27.1748 WARN app Manager 1001 1 registed to Global 1001 success !
2021-02-20 16:29:27.1748 WARN regist service from appType Zone appId 1001
2021-02-20 16:29:27.1976 WARN regist service from appType Relation appId 1001
2021-02-20 16:29:27.2124 WARN regist service from appType Gate appId 1001
2021-02-20 17:37:23.3924 WARN app Manager 1001 1 start registe to Global 1001 ...
2021-02-20 17:37:23.4294 WARN app Manager 1001 1 registed to Global 1001 success !
2021-02-20 17:37:23.4546 WARN regist service from appType Gate appId 1001
2021-02-20 17:37:23.4546 WARN regist service from appType Relation appId 1001
2021-02-20 17:37:23.4546 WARN regist service from appType Zone appId 1001
2021-02-20 17:55:30.0336 WARN app Manager 1001 1 start registe to Global 1001 ...
2021-02-20 17:55:30.0909 WARN app Manager 1001 1 registed to Global 1001 success !
2021-02-20 17:55:30.1026 WARN regist service from appType Relation appId 1001
2021-02-20 17:55:30.1254 WARN regist service from appType Gate appId 1001
2021-02-20 17:55:30.1706 WARN regist service from appType Zone appId 1001
