2021-02-20 10:45:06.4126 WARN app Relation 1001 1 start registe to Global 1001 ...
2021-02-20 10:45:06.4479 WARN app Relation 1001 1 registed to Global 1001 success !
2021-02-20 10:45:06.8290 WARN regist service from appType Zone appId 1001
2021-02-20 10:54:21.5048 WARN app Relation 1001 1 start registe to Global 1001 ...
2021-02-20 10:54:21.5440 WARN app Relation 1001 1 registed to Global 1001 success !
2021-02-20 10:54:21.6470 WARN regist service from appType Zone appId 1001
2021-02-20 11:17:48.2396 WARN app Relation 1001 1 start registe to Global 1001 ...
2021-02-20 11:17:48.2609 WARN app Relation 1001 1 registed to Global 1001 success !
2021-02-20 11:17:48.2877 WARN regist service from appType Zone appId 1001
2021-02-20 11:17:48.4997 WARN app Relation 1001 1 start registe to Manager 1001 ...
2021-02-20 11:17:48.5307 WARN app Relation 1001 1 registed to Manager 1001 success !
2021-02-20 13:37:45.9079 WARN app Relation 1001 1 start registe to Global 1001 ...
2021-02-20 13:37:46.0099 WARN app Relation 1001 1 registed to Global 1001 success !
2021-02-20 13:37:46.2365 WARN app Relation 1001 1 start registe to Global 1001 ...
2021-02-20 13:37:46.2547 WARN app Relation 1001 1 start registe to Manager 1001 ...
2021-02-20 13:37:46.3743 WARN app Relation 1001 1 registed to Manager 1001 success !
2021-02-20 13:37:46.4041 WARN app Relation 1001 1 registed to Global 1001 success !
2021-02-20 13:37:46.4230 WARN app Relation 1001 1 start registe to Manager 1001 ...
2021-02-20 13:37:46.4646 WARN regist service from appType Zone appId 1001
2021-02-20 13:37:46.4665 WARN app Relation 1001 1 registed to Manager 1001 success !
2021-02-20 13:37:46.5251 WARN regist service from appType Zone appId 1001
2021-02-20 13:37:46.9565 WARN app Relation 1001 1 start registe to Manager 1001 ...
2021-02-20 13:37:46.9811 WARN app Relation 1001 1 registed to Manager 1001 success !
2021-02-20 14:03:59.9694 WARN app Relation 1001 1 start registe to Global 1001 ...
2021-02-20 14:03:59.9694 WARN ConnectionRestored: 127.0.0.1:6379
2021-02-20 14:03:59.9867 WARN Configuration changed: 127.0.0.1:6379
2021-02-20 14:04:00.0676 WARN app Relation 1001 1 registed to Global 1001 success !
2021-02-20 14:04:00.2043 WARN regist service from appType Zone appId 1001
2021-02-20 14:04:00.2656 WARN app Relation 1001 1 start registe to Manager 1001 ...
2021-02-20 14:04:00.2807 WARN app Relation 1001 1 registed to Manager 1001 success !
2021-02-20 14:12:34.2802 WARN app Relation 1001 1 start registe to Global 1001 ...
2021-02-20 14:12:34.3030 WARN app Relation 1001 1 registed to Global 1001 success !
2021-02-20 14:12:34.3429 WARN regist service from appType Zone appId 1001
2021-02-20 14:12:34.4370 WARN app Relation 1001 1 start registe to Manager 1001 ...
2021-02-20 14:12:34.4967 WARN app Relation 1001 1 registed to Manager 1001 success !
2021-02-20 14:31:33.6166 WARN app Relation 1001 1 start registe to Global 1001 ...
2021-02-20 14:31:33.6415 WARN app Relation 1001 1 registed to Global 1001 success !
2021-02-20 14:31:33.7579 WARN regist service from appType Zone appId 1001
2021-02-20 14:31:34.0030 WARN app Relation 1001 1 start registe to Manager 1001 ...
2021-02-20 14:31:34.0337 WARN app Relation 1001 1 registed to Manager 1001 success !
2021-02-20 15:07:13.3942 WARN app Relation 1001 1 start registe to Global 1001 ...
2021-02-20 15:07:13.4153 WARN app Relation 1001 1 registed to Global 1001 success !
2021-02-20 15:07:13.4410 WARN regist service from appType Zone appId 1001
2021-02-20 15:07:13.6104 WARN app Relation 1001 1 start registe to Manager 1001 ...
2021-02-20 15:07:13.6411 WARN app Relation 1001 1 registed to Manager 1001 success !
2021-02-20 15:11:10.2828 WARN Configuration changed: 127.0.0.1:6379
2021-02-20 15:11:10.3190 WARN app Relation 1001 1 start registe to Global 1001 ...
2021-02-20 15:11:10.3540 WARN app Relation 1001 1 registed to Global 1001 success !
2021-02-20 15:11:10.3581 WARN regist service from appType Zone appId 1001
2021-02-20 15:11:10.5963 WARN app Relation 1001 1 start registe to Manager 1001 ...
2021-02-20 15:11:10.6266 WARN app Relation 1001 1 registed to Manager 1001 success !
2021-02-20 15:40:16.1359 WARN ConnectionRestored: 127.0.0.1:6379
2021-02-20 15:40:16.1359 WARN Configuration changed: 127.0.0.1:6379
2021-02-20 15:40:16.1541 WARN app Relation 1001 1 start registe to Global 1001 ...
2021-02-20 15:40:16.2359 WARN app Relation 1001 1 registed to Global 1001 success !
2021-02-20 15:40:16.2630 WARN regist service from appType Zone appId 1001
2021-02-20 15:40:16.6860 WARN app Relation 1001 1 start registe to Manager 1001 ...
2021-02-20 15:40:16.7138 WARN app Relation 1001 1 registed to Manager 1001 success !
2021-02-20 16:05:04.9337 WARN app Relation 1001 1 start registe to Global 1001 ...
2021-02-20 16:05:04.9821 WARN app Relation 1001 1 registed to Global 1001 success !
2021-02-20 16:05:05.0709 WARN regist service from appType Zone appId 1001
2021-02-20 16:05:05.2688 WARN app Relation 1001 1 start registe to Manager 1001 ...
2021-02-20 16:05:05.2848 WARN app Relation 1001 1 registed to Manager 1001 success !
2021-02-20 16:12:10.5141 WARN app Relation 1001 1 start registe to Global 1001 ...
2021-02-20 16:12:10.5637 WARN app Relation 1001 1 registed to Global 1001 success !
2021-02-20 16:12:10.6041 WARN regist service from appType Zone appId 1001
2021-02-20 16:12:10.8034 WARN app Relation 1001 1 start registe to Manager 1001 ...
2021-02-20 16:12:10.8339 WARN app Relation 1001 1 registed to Manager 1001 success !
2021-02-20 16:16:33.1931 WARN app Relation 1001 1 start registe to Global 1001 ...
2021-02-20 16:16:33.2549 WARN app Relation 1001 1 registed to Global 1001 success !
2021-02-20 16:16:33.2729 WARN regist service from appType Zone appId 1001
2021-02-20 16:16:33.4092 WARN app Relation 1001 1 start registe to Manager 1001 ...
2021-02-20 16:16:33.4459 WARN app Relation 1001 1 registed to Manager 1001 success !
2021-02-20 16:29:26.6632 WARN app Relation 1001 1 start registe to Global 1001 ...
2021-02-20 16:29:26.7256 WARN app Relation 1001 1 registed to Global 1001 success !
2021-02-20 16:29:26.7651 WARN regist service from appType Zone appId 1001
2021-02-20 16:29:27.1798 WARN app Relation 1001 1 start registe to Manager 1001 ...
2021-02-20 16:29:27.2131 WARN app Relation 1001 1 registed to Manager 1001 success !
2021-02-20 17:37:23.1871 WARN app Relation 1001 1 start registe to Global 1001 ...
2021-02-20 17:37:23.2103 WARN app Relation 1001 1 registed to Global 1001 success !
2021-02-20 17:37:23.2650 WARN regist service from appType Zone appId 1001
2021-02-20 17:37:23.4222 WARN app Relation 1001 1 start registe to Manager 1001 ...
2021-02-20 17:37:23.4673 WARN app Relation 1001 1 registed to Manager 1001 success !
2021-02-20 17:55:29.7926 WARN app Relation 1001 1 start registe to Global 1001 ...
2021-02-20 17:55:29.8373 WARN app Relation 1001 1 registed to Global 1001 success !
2021-02-20 17:55:30.0899 WARN app Relation 1001 1 start registe to Manager 1001 ...
2021-02-20 17:55:30.1105 WARN app Relation 1001 1 registed to Manager 1001 success !
2021-02-20 17:55:30.1731 WARN regist service from appType Zone appId 1001
