2021-02-20 10:45:06.7036 WARN app Zone 1001 1 start registe to Global 1001 ...
2021-02-20 10:45:06.7902 WARN app Zone 1001 1 registed to Global 1001 success !
2021-02-20 10:45:06.8059 WARN regist service from appType Gate appId 1001
2021-02-20 10:45:06.8059 WARN app Zone 1001 1 start registe to Relation 1001 ...
2021-02-20 10:45:06.8417 WARN app Zone 1001 1 registed to Relation 1001 success !
2021-02-20 10:46:00.1062 WARN app Zone 1001 1 connect to Global 1001 127.0.0.1:5001
2021-02-20 10:46:00.7796 WARN app Zone 1001 1 connect to Relation 1001 127.0.0.1:8004
2021-02-20 10:46:01.0412 WARN 工具被强制关闭
2021-02-20 10:54:21.5875 WARN app Zone 1001 1 start registe to Global 1001 ...
2021-02-20 10:54:21.6312 WARN app Zone 1001 1 registed to Global 1001 success !
2021-02-20 10:54:21.6312 WARN regist service from appType Gate appId 1001
2021-02-20 10:54:21.6312 WARN app Zone 1001 1 start registe to Relation 1001 ...
2021-02-20 10:54:21.6594 WARN app Zone 1001 1 registed to Relation 1001 success !
2021-02-20 11:17:48.2257 WARN app Zone 1001 1 start registe to Global 1001 ...
2021-02-20 11:17:48.2596 WARN app Zone 1001 1 registed to Global 1001 success !
2021-02-20 11:17:48.2717 WARN regist service from appType Gate appId 1001
2021-02-20 11:17:48.2717 WARN app Zone 1001 1 start registe to Relation 1001 ...
2021-02-20 11:17:48.4236 WARN app Zone 1001 1 start registe to Manager 1001 ...
2021-02-20 11:17:48.4546 WARN app Zone 1001 1 registed to Manager 1001 success !
2021-02-20 11:17:48.4848 WARN app Zone 1001 1 registed to Relation 1001 success !
2021-02-20 13:37:46.2607 WARN app Zone 1001 1 start registe to Global 1001 ...
2021-02-20 13:37:46.3758 WARN app Zone 1001 1 start registe to Global 1001 ...
2021-02-20 13:37:46.4233 WARN app Zone 1001 1 registed to Global 1001 success !
2021-02-20 13:37:46.4233 WARN app Zone 1001 1 start registe to Relation 1001 ...
2021-02-20 13:37:46.4598 WARN app Zone 1001 1 start registe to Manager 1001 ...
2021-02-20 13:37:46.4797 WARN regist service from appType Gate appId 1001
2021-02-20 13:37:46.4855 WARN app Zone 1001 1 registed to Global 1001 success !
2021-02-20 13:37:46.5108 WARN app Zone 1001 1 start registe to Relation 1001 ...
2021-02-20 13:37:46.5108 WARN app Zone 1001 1 start registe to Manager 1001 ...
2021-02-20 13:37:46.5427 WARN app Zone 1001 1 registed to Manager 1001 success !
2021-02-20 13:37:46.5427 WARN app Zone 1001 1 registed to Relation 1001 success !
2021-02-20 13:37:46.7895 WARN app Zone 1001 1 registed to Relation 1001 success !
2021-02-20 13:37:46.7895 WARN app Zone 1001 1 registed to Manager 1001 success !
2021-02-20 13:37:46.9620 WARN app Zone 1001 1 start registe to Manager 1001 ...
2021-02-20 13:37:46.9810 WARN app Zone 1001 1 registed to Manager 1001 success !
2021-02-20 13:37:47.5592 WARN regist service from appType Gate appId 1001
2021-02-20 14:04:00.1291 WARN app Zone 1001 1 start registe to Global 1001 ...
2021-02-20 14:04:00.1800 WARN app Zone 1001 1 registed to Global 1001 success !
2021-02-20 14:04:00.1898 WARN regist service from appType Gate appId 1001
2021-02-20 14:04:00.1898 WARN app Zone 1001 1 start registe to Relation 1001 ...
2021-02-20 14:04:00.2180 WARN app Zone 1001 1 registed to Relation 1001 success !
2021-02-20 14:04:00.2519 WARN app Zone 1001 1 start registe to Manager 1001 ...
2021-02-20 14:04:00.2980 WARN app Zone 1001 1 registed to Manager 1001 success !
2021-02-20 14:12:34.2187 WARN app Zone 1001 1 start registe to Global 1001 ...
2021-02-20 14:12:34.2544 WARN app Zone 1001 1 registed to Global 1001 success !
2021-02-20 14:12:34.2658 WARN regist service from appType Gate appId 1001
2021-02-20 14:12:34.3125 WARN app Zone 1001 1 start registe to Relation 1001 ...
2021-02-20 14:12:34.3567 WARN app Zone 1001 1 registed to Relation 1001 success !
2021-02-20 14:12:34.4397 WARN app Zone 1001 1 start registe to Manager 1001 ...
2021-02-20 14:12:34.4657 WARN app Zone 1001 1 registed to Manager 1001 success !
2021-02-20 14:31:33.6811 WARN app Zone 1001 1 start registe to Global 1001 ...
2021-02-20 14:31:33.7375 WARN app Zone 1001 1 registed to Global 1001 success !
2021-02-20 14:31:33.7375 WARN app Zone 1001 1 start registe to Relation 1001 ...
2021-02-20 14:31:33.7701 WARN app Zone 1001 1 registed to Relation 1001 success !
2021-02-20 14:31:33.7701 WARN regist service from appType Gate appId 1001
2021-02-20 14:31:34.0031 WARN app Zone 1001 1 start registe to Manager 1001 ...
2021-02-20 14:31:34.0339 WARN app Zone 1001 1 registed to Manager 1001 success !
2021-02-20 15:07:13.3309 WARN app Zone 1001 1 start registe to Global 1001 ...
2021-02-20 15:07:13.3666 WARN app Zone 1001 1 registed to Global 1001 success !
2021-02-20 15:07:13.3716 WARN regist service from appType Gate appId 1001
2021-02-20 15:07:13.4263 WARN app Zone 1001 1 start registe to Relation 1001 ...
2021-02-20 15:07:13.4552 WARN app Zone 1001 1 registed to Relation 1001 success !
2021-02-20 15:07:13.6105 WARN app Zone 1001 1 start registe to Manager 1001 ...
2021-02-20 15:07:13.6458 WARN app Zone 1001 1 registed to Manager 1001 success !
2021-02-20 15:11:10.3037 WARN app Zone 1001 1 start registe to Global 1001 ...
2021-02-20 15:11:10.3394 WARN app Zone 1001 1 registed to Global 1001 success !
2021-02-20 15:11:10.3437 WARN app Zone 1001 1 start registe to Relation 1001 ...
2021-02-20 15:11:10.3658 WARN regist service from appType Gate appId 1001
2021-02-20 15:11:10.3658 WARN app Zone 1001 1 registed to Relation 1001 success !
2021-02-20 15:11:10.5945 WARN app Zone 1001 1 start registe to Manager 1001 ...
2021-02-20 15:11:10.6428 WARN app Zone 1001 1 registed to Manager 1001 success !
2021-02-20 15:40:16.1718 WARN app Zone 1001 1 start registe to Global 1001 ...
2021-02-20 15:40:16.2287 WARN app Zone 1001 1 registed to Global 1001 success !
2021-02-20 15:40:16.2502 WARN regist service from appType Gate appId 1001
2021-02-20 15:40:16.2502 WARN app Zone 1001 1 start registe to Relation 1001 ...
2021-02-20 15:40:16.2758 WARN app Zone 1001 1 registed to Relation 1001 success !
2021-02-20 15:40:16.6875 WARN app Zone 1001 1 start registe to Manager 1001 ...
2021-02-20 15:40:16.7300 WARN app Zone 1001 1 registed to Manager 1001 success !
2021-02-20 16:05:05.0092 WARN app Zone 1001 1 start registe to Global 1001 ...
2021-02-20 16:05:05.0523 WARN app Zone 1001 1 registed to Global 1001 success !
2021-02-20 16:05:05.0523 WARN regist service from appType Gate appId 1001
2021-02-20 16:05:05.0523 WARN app Zone 1001 1 start registe to Relation 1001 ...
2021-02-20 16:05:05.0834 WARN app Zone 1001 1 registed to Relation 1001 success !
2021-02-20 16:05:05.2874 WARN app Zone 1001 1 start registe to Manager 1001 ...
2021-02-20 16:05:05.3173 WARN app Zone 1001 1 registed to Manager 1001 success !
2021-02-20 16:12:10.5344 WARN app Zone 1001 1 start registe to Global 1001 ...
2021-02-20 16:12:10.5828 WARN app Zone 1001 1 registed to Global 1001 success !
2021-02-20 16:12:10.5911 WARN regist service from appType Gate appId 1001
2021-02-20 16:12:10.5911 WARN app Zone 1001 1 start registe to Relation 1001 ...
2021-02-20 16:12:10.6172 WARN app Zone 1001 1 registed to Relation 1001 success !
2021-02-20 16:12:10.8047 WARN app Zone 1001 1 start registe to Manager 1001 ...
2021-02-20 16:12:10.8358 WARN app Zone 1001 1 registed to Manager 1001 success !
2021-02-20 16:16:33.1427 WARN app Zone 1001 1 start registe to Global 1001 ...
2021-02-20 16:16:33.2249 WARN app Zone 1001 1 registed to Global 1001 success !
2021-02-20 16:16:33.2478 WARN regist service from appType Gate appId 1001
2021-02-20 16:16:33.2478 WARN app Zone 1001 1 start registe to Relation 1001 ...
2021-02-20 16:16:33.2910 WARN app Zone 1001 1 registed to Relation 1001 success !
2021-02-20 16:16:33.4077 WARN app Zone 1001 1 start registe to Manager 1001 ...
2021-02-20 16:16:33.4298 WARN app Zone 1001 1 registed to Manager 1001 success !
2021-02-20 16:29:26.5831 WARN app Zone 1001 1 start registe to Global 1001 ...
2021-02-20 16:29:26.7118 WARN app Zone 1001 1 registed to Global 1001 success !
2021-02-20 16:29:26.7369 WARN regist service from appType Gate appId 1001
2021-02-20 16:29:26.7495 WARN app Zone 1001 1 start registe to Relation 1001 ...
2021-02-20 16:29:26.7789 WARN app Zone 1001 1 registed to Relation 1001 success !
2021-02-20 16:29:27.1712 WARN app Zone 1001 1 start registe to Manager 1001 ...
2021-02-20 16:29:27.1964 WARN app Zone 1001 1 registed to Manager 1001 success !
2021-02-20 17:37:23.2030 WARN app Zone 1001 1 start registe to Global 1001 ...
2021-02-20 17:37:23.2390 WARN app Zone 1001 1 registed to Global 1001 success !
2021-02-20 17:37:23.2390 WARN regist service from appType Gate appId 1001
2021-02-20 17:37:23.2523 WARN app Zone 1001 1 start registe to Relation 1001 ...
2021-02-20 17:37:23.2782 WARN app Zone 1001 1 registed to Relation 1001 success !
2021-02-20 17:37:23.4380 WARN app Zone 1001 1 start registe to Manager 1001 ...
2021-02-20 17:37:23.4682 WARN app Zone 1001 1 registed to Manager 1001 success !
2021-02-20 17:55:30.0963 WARN app Zone 1001 1 start registe to Global 1001 ...
2021-02-20 17:55:30.1509 WARN app Zone 1001 1 registed to Global 1001 success !
2021-02-20 17:55:30.1509 WARN regist service from appType Gate appId 1001
2021-02-20 17:55:30.1509 WARN app Zone 1001 1 start registe to Relation 1001 ...
2021-02-20 17:55:30.1635 WARN app Zone 1001 1 start registe to Manager 1001 ...
2021-02-20 17:55:30.1885 WARN app Zone 1001 1 registed to Manager 1001 success !
2021-02-20 17:55:30.1885 WARN app Zone 1001 1 registed to Relation 1001 success !
